C251 COMPILER V5.60.0,  electromagnetic_tracking                                           14/04/25  22:01:23  PAGE 1   


C251 COMPILER V5.60.0, COMPILATION OF MODULE electromagnetic_tracking
OBJECT MODULE PLACED IN .\Out_File\electromagnetic_tracking.obj
COMPILER INVOKED BY: D:\Software\Keil5\c251v560\C251\BIN\C251.EXE ..\USER\src\electromagnetic_tracking.c XSMALL INTR2 FL
                    -OAT64 WARNINGLEVEL(3) OPTIMIZE(0,SPEED) BROWSE INCDIR(..\CODE;..\USER\inc;..\USER\src;..\seekfree_components;..\seekfree
                    -_libraries;..\seekfree_peripheral;..\libraries) DEBUG PRINT(.\Out_File\electromagnetic_tracking.lst) TABS(2) OBJECT(.\Ou
                    -t_File\electromagnetic_tracking.obj) 

stmt  level    source

    1          #include "electromagnetic_tracking.h"
    2          #include "headfile.h"
    3          #include "common.h"
    4          
    5          // æ»¤æ³¢åæ•°æ® - ä½¿ç”¨äºŒç»´æ•°ç»„å½¢å¼
    6          // ç¬¬ä¸€ç»´è¡¨ç¤ºç”µæ„Ÿç¼–å·ï¼š0-HL, 1-VL, 2-HML, 3-HMR, 4-VR, 5-HR
    7          // ç¬¬äºŒç»´ä¿ç•™ï¼Œå¯ç”¨äºå­˜å‚¨å†å²æ•°æ®
    8          #define SENSOR_COUNT 6   //ç”µæ„Ÿä¸ªæ•°
    9          #define HISTORY_COUNT 5  //æ»¤æ³¢æ¬¡æ•°
   10          
   11          uint16 adc_fliter_data[SENSOR_COUNT][HISTORY_COUNT] = {0}; //æ»¤æ³¢åçš„å€¼
   12          float result[SENSOR_COUNT] = {0};   //ç”µå­˜å‚¨æ¯ä¸ªç”µæ„Ÿæ»¤æ³¢åçš„æœ€ç»ˆç»“æœå€¼ï¼ˆå°šæœªå½’ä¸€åŒ–ï¼
             -‰ï¼Œæ˜¯è¿æ¥æ»¤æ³¢å¤„ç†å’Œå½’ä¸€åŒ–å¤„ç†çš„ä¸­é—´å˜é‡
   13          uint16 sum[SENSOR_COUNT][HISTORY_COUNT] = {0};        //ç´¯åŠ çš„å’Œ
   14          
   15          // é€’æ¨å‡å€¼æ»¤æ³¢ç›¸å…³å‚æ•°
   16          uint16 times = HISTORY_COUNT;  // æ»¤æ³¢æ¬¡æ•°
   17          uint16 i_num = SENSOR_COUNT;  // ç”µæ„Ÿæ•°é‡
   18          
   19          // å½’ä¸€åŒ–æ•°æ® - æ”¹ä¸ºæ•°ç»„å½¢å¼
   20          float normalized_data[SENSOR_COUNT] = {0.0f, 0.0f, 0.0f, 0.0f, 0.0f, 0.0f};  // å½’ä¸€åŒ–åçš„ç”µæ„Ÿæ•°æ
             -®æ•°ç»„
   21          
   22          // å­˜å‚¨æ¯ä¸ªç”µæ„Ÿçš„æœ€å¤§æœ€å°å€¼ï¼Œç”¨äºåŠ¨æ€æ ¡å‡† - æ”¹ä¸ºæ•°ç»„å½¢å¼
   23          uint16 min_value[SENSOR_COUNT] = {0xFFFF, 0xFFFF, 0xFFFF, 0xFFFF, 0xFFFF, 0xFFFF};  // æ¯ä¸ªç”µæ„Ÿçš„æœ€
             -å°å€¼
   24          uint16 max_value[SENSOR_COUNT] = {0, 0, 0, 0, 0, 0};  // æ¯ä¸ªç”µæ„Ÿçš„æœ€å¤§å€¼
   25          
   26          // ç”µæ„Ÿä½ç½®è®¡ç®—ç›¸å…³å˜é‡
   27          float signal_strength_value = 0;   // ä¿¡å·å¼ºåº¦æŒ‡æ ‡
   28          int16 position = 0;
   29          
   30          // ç”µç£ä¿æŠ¤é€»è¾‘å˜é‡,0è¡¨ç¤ºæœªä¿æŠ¤ï¼Œ1è¡¨ç¤ºä¿æŠ¤
   31          uint8 protection_flag = 0;
   32          
   33          
   34          
   35          //-----------------------------------------------------------------------------
   36          // @brief   ç”µç£ä¼ æ„Ÿå™¨åˆå§‹åŒ–
   37          // @param   æ— 
   38          // @return  æ— 
   39          // @author  ZP
   40          // Sample usage: electromagnetic_init();
   41          //-----------------------------------------------------------------------------
   42          void electromagnetic_init(void)
   43          {
   44   1         uint8 i = 0, j = 0;
   45   1      
   46   1         adc_init(ADC_HL, 0);   // å·¦ä¾§æ¨ªå‘ç”µæ„Ÿ
   47   1         adc_init(ADC_VL, 0);   // å·¦ä¾§çºµå‘ç”µæ„Ÿ
   48   1         adc_init(ADC_HML, 0);  // å·¦ä¸­æ¨ªå‘ç”µæ„Ÿ
   49   1         adc_init(ADC_HMR, 0);  // å³ä¸­æ¨ªå‘ç”µæ„Ÿ
   50   1         adc_init(ADC_VR, 0);   // å³ä¾§çºµå‘ç”µæ„Ÿ
   51   1         adc_init(ADC_HR, 0);   // å³ä¾§æ¨ªå‘ç”µæ„Ÿ
   52   1         
   53   1         // åˆå§‹åŒ–äºŒç»´æ•°ç»„
C251 COMPILER V5.60.0,  electromagnetic_tracking                                           14/04/25  22:01:23  PAGE 2   

   54   1         for(i = 0; i < SENSOR_COUNT; i++)
   55   1         {
   56   2             for(j = 0; j < HISTORY_COUNT; j++)
   57   2             {
   58   3                 adc_fliter_data[i][j] = 0;
   59   3                 sum[i][j] = 0;
   60   3             }
   61   2             normalized_data[i] = 0.0f;  // åˆå§‹åŒ–å½’ä¸€åŒ–æ•°æ®æ•°ç»„
   62   2         }
   63   1      }
   64          
   65          //-----------------------------------------------------------------------------
   66          // @brief   å¾—åˆ°adcçš„å€¼
   67          // @param   æµ‹çš„ADC/ç”µæ„Ÿåºå·
   68          // @return  æµ‹å‡ºçš„adcå€¼
   69          // @author  ZP
   70          // Sample usage: get_adc(1)
   71          //-----------------------------------------------------------------------------
   72          uint16 get_adc(uint16 i)
   73          {
   74   1        switch(i){
   75   2          case 0:
   76   2            return adc_once(ADC_HL, ADC_10BIT);  //ADC_10BITæ˜¯ç”µç£å¯»è¿¹æœ€ä½³åˆ†è¾¨ç‡
   77   2          case 1:
   78   2            return adc_once(ADC_VL, ADC_10BIT);
   79   2          case 2:
   80   2            return adc_once(ADC_HML, ADC_10BIT);
   81   2          case 3:
   82   2            return adc_once(ADC_HMR, ADC_10BIT);
   83   2          case 4:
   84   2            return adc_once(ADC_VR, ADC_10BIT);
   85   2          case 5:
   86   2            return adc_once(ADC_HR, ADC_10BIT);
   87   2          default:
   88   2            return 0;
   89   2        }
   90   1      }
   91          
   92          //-----------------------------------------------------------------------------
   93          // @brief   é€’æ¨å‡å€¼æ»¤æ³¢
   94          // @param   æ— 
   95          // @return  æ— 
   96          // @author  zp
   97          // Sample usage: average_filter();
   98          //-----------------------------------------------------------------------------
   99          
  100          
  101          void average_filter(void)
  102          {
  103   1          static uint16 filter_index = 0;  // é€’æ¨æ¬¡æ•°è®¡æ•°å™¨
  104   1          static uint8 is_initialized = 0; // åˆå§‹åŒ–æ ‡å¿—,åªåœ¨ç¬¬ä¸€æ¬¡è°ƒç”¨æ—¶è¿›è¡Œå¤šæ¬¡é‡‡æ ·,åç»­
             -è°ƒç”¨æ—¶ä½¿ç”¨çœŸæ­£çš„é€’æ¨ç®—æ³•   
  105   1          uint16 a = 0, b = 0;
  106   1          
  107   1          // æ£€æŸ¥æ˜¯å¦éœ€è¦åˆå§‹åŒ–
  108   1          if (!is_initialized)
  109   1          {
  110   2              // é‡ç½®ç´¯åŠ å™¨
  111   2              for(a = 0; a < i_num; a++)
  112   2              {
  113   3                  sum[a][0] = 0;
  114   3              }
  115   2              
  116   2              // å‰å‡ æ¬¡é‡‡é›†ï¼Œç´¯ç§¯è¶³å¤Ÿçš„æ•°æ®
  117   2              for(filter_index = 0; filter_index < times; filter_index++)
  118   2              {
C251 COMPILER V5.60.0,  electromagnetic_tracking                                           14/04/25  22:01:23  PAGE 3   

  119   3                  for(b = 0; b < i_num; b++)
  120   3                  {
  121   4                      sum[b][0] += get_adc(b);  // é‡‡é›†ä¸€æ¬¡ADCå¹¶ç´¯åŠ 
  122   4                  }
  123   3                  delay_us(5); // æ·»åŠ çŸ­æš‚å»¶æ—¶æé«˜é‡‡æ ·ç¨³å®šæ€§
  124   3              }
  125   2              
  126   2              // è®¡ç®—åˆå§‹å¹³å‡å€¼
  127   2              for(a = 0; a < i_num; a++)
  128   2              {
  129   3                  adc_fliter_data[a][0] = sum[a][0] / times;  // æ±‚å¹³å‡
  130   3                  result[a] = adc_fliter_data[a][0];
  131   3              }
  132   2              
  133   2              is_initialized = 1; // æ ‡è®°åˆå§‹åŒ–å®Œæˆ
  134   2          }
  135   1          else  // å·²åˆå§‹åŒ–ï¼Œæ‰§è¡Œé€’æ¨å‡å€¼æ»¤æ³¢
  136   1          {
  137   2              for(a = 0; a < i_num; a++)
  138   2              {
  139   3                  // é€’æ¨å‡å€¼æ»¤æ³¢æ ¸å¿ƒç®—æ³•ï¼šå‡å»å¹³å‡å€¼ï¼ŒåŠ ä¸Šæ–°å€¼ï¼Œé‡æ–°è®¡ç®—å¹³å‡å€¼
  140   3                  sum[a][0] -= (sum[a][0] / times);         // æ¯æ¬¡å»é™¤å¹³å‡å€¼çš„è´¡çŒ®
  141   3                  sum[a][0] += get_adc(a);              // åŠ ä¸Šæ–°å€¼
  142   3                  adc_fliter_data[a][0] = (sum[a][0] / times);  // æ±‚æ–°çš„å¹³å‡å€¼
  143   3                  result[a] = adc_fliter_data[a][0];      // ä¿å­˜ç»“æœ
  144   3              }
  145   2          }
  146   1      }
  147          
  148          
  149          //-----------------------------------------------------------------------------
  150          // @brief   ä¸­ä½å€¼æ»¤æ³¢ï¼Œå°†æ¯ä¸ªç”µæ„Ÿçš„ä¸­ä½æ•°ä½œä¸ºç»“æœ
  151          // @param   æ— 
  152          // @return  æ— 
  153          // @author  ZP
  154          // Sample usage: mid_filter();
  155          //-----------------------------------------------------------------------------
  156          static uint8 mid_initialized = 0;  // ä¸­ä½å€¼æ»¤æ³¢åˆå§‹åŒ–æ ‡å¿—
  157          static uint16 sample_count = 0;    // é‡‡æ ·è®¡æ•°å™¨
  158          
  159          void mid_filter(void)
  160          {
  161   1          uint16 temp = 0, a = 0, t = 0;
  162   1          uint16 mid_index = 0;  //ä¸­ä½æ•°
  163   1        uint16 i = 0; //ç”¨äºå¾ªç¯
  164   1          // åˆ›å»ºä¸´æ—¶æ•°ç»„ç”¨äºæ’åºï¼Œé¿å…ä¿®æ”¹åŸå§‹æ•°æ®
  165   1          uint16 sort_array[HISTORY_COUNT];  // ä½¿ç”¨å®å®šä¹‰çš„å¸¸é‡è€Œä¸æ˜¯å˜é‡
  166   1        
  167   1          // è°ƒç”¨å‡å€¼æ»¤æ³¢è·å–æ–°çš„é‡‡æ ·å€¼
  168   1          average_filter();
  169   1          
  170   1          // å¦‚æœå°šæœªåˆå§‹åŒ–å®Œæˆ
  171   1          if (!mid_initialized)
  172   1          {
  173   2              // å°†å½“å‰æ»¤æ³¢ç»“æœå­˜å…¥å†å²æ•°ç»„
  174   2              for(a = 0; a < i_num; a++)
  175   2              {
  176   3                  adc_fliter_data[a][sample_count] = adc_fliter_data[a][0];
  177   3                  result[a] = adc_fliter_data[a][0];
  178   3              }
  179   2              
  180   2              sample_count++;
  181   2              
  182   2              // å½“é‡‡é›†åˆ°è¶³å¤Ÿæ ·æœ¬æ—¶ï¼Œæ ‡è®°åˆå§‹åŒ–å®Œæˆ
  183   2              if (sample_count >= times)
  184   2              {
C251 COMPILER V5.60.0,  electromagnetic_tracking                                           14/04/25  22:01:23  PAGE 4   

  185   3                  mid_initialized = 1;
  186   3                  sample_count = 0;  // é‡ç½®è®¡æ•°å™¨ç”¨äºå¾ªç¯ç¼“å†²
  187   3              }
  188   2          }
  189   1          else  // å·²åˆå§‹åŒ–ï¼Œæ‰§è¡Œä¸­ä½å€¼æ»¤æ³¢
  190   1          {
  191   2              // æ›´æ–°å†å²æ•°æ®æ•°ç»„
  192   2              for(a = 0; a < i_num; a++)
  193   2              {
  194   3                  adc_fliter_data[a][sample_count] = adc_fliter_data[a][0];
  195   3              }
  196   2              
  197   2              // æ›´æ–°å¾ªç¯ç¼“å†²åŒºç´¢å¼•
  198   2              sample_count = (sample_count + 1) % times;
  199   2              
  200   2              // å¯¹æ¯ä¸ªç”µæ„Ÿé€šé“è¿›è¡Œå¤„ç†
  201   2              for(a = 0; a < i_num; a++)
  202   2              {
  203   3                  for(t = 0; t < times; t++)
  204   3                  {
  205   4                      sort_array[t] = adc_fliter_data[a][t];
  206   4                  }
  207   3                  
  208   3                  // å†’æ³¡æ’åº
  209   3                  for(i = 0; i < times-1; i++)
  210   3                  {
  211   4                      for(t = 0; t < times-i-1; t++)
  212   4                      {
  213   5                          if(sort_array[t] > sort_array[t+1])
  214   5                          {
  215   6                              temp = sort_array[t];
  216   6                              sort_array[t] = sort_array[t+1];
  217   6                              sort_array[t+1] = temp;
  218   6                          }
  219   5                      }
  220   4                  }
  221   3                  
  222   3                  // è®¡ç®—ä¸­ä½æ•°ç´¢å¼•
  223   3                  mid_index = times / 2;  // 5 / 2 = 2  ,sort_array[2]æ˜¯ç¬¬ä¸‰ä¸ªæ•°å³ä¸­ä½æ•°
  224   3                  
  225   3                  // å–ä¸­ä½æ•°ä½œä¸ºç»“æœ
  226   3                  result[a] = sort_array[mid_index];
  227   3              }
  228   2          }
  229   1      }
  230          
  231          
  232          //-----------------------------------------------------------------------------
  233          // @brief   æ›´æ–°æ¯ä¸ªç”µæ„Ÿçš„æœ€å¤§æœ€å°å€¼ï¼Œç”¨äºåŠ¨æ€æ ¡å‡†
  234          // @param   æ— 
  235          // @return  æ— 
  236          // @author  ZP
  237          // Sample usage: update_min_max_values();
  238          //-----------------------------------------------------------------------------
  239          void update_min_max_values(void)
  240          {
  241   1          uint8 i;
  242   1          static uint16 update_counter = 0;
  243   1          
  244   1          // å®šæœŸè½»å¾®è¡°å‡æœ€å¤§æœ€å°å€¼ï¼Œä½¿ç³»ç»Ÿèƒ½é€‚åº”ç¯å¢ƒå˜åŒ–
  245   1          update_counter++;
  246   1          if(update_counter >= 1000)  // æ¯1000æ¬¡è°ƒç”¨æ‰§è¡Œä¸€æ¬¡è¡°å‡
  247   1          {
  248   2              update_counter = 0;
  249   2              
  250   2              // æœ€å°å€¼ç•¥å¾®å¢åŠ ï¼Œæœ€å¤§å€¼ç•¥å¾®å‡å°‘ï¼Œå½¢æˆç¼“æ…¢è¡°å‡
C251 COMPILER V5.60.0,  electromagnetic_tracking                                           14/04/25  22:01:23  PAGE 5   

  251   2              for(i = 0; i < SENSOR_COUNT; i++)
  252   2              {
  253   3                  // æœ€å°å€¼å‘ä¸Šè¡°å‡ï¼ˆå¢åŠ 1%ï¼‰
  254   3                  min_value[i] += min_value[i] / 100;
  255   3                  
  256   3                  // æœ€å¤§å€¼å‘ä¸‹è¡°å‡ï¼ˆå‡å°‘1%ï¼‰
  257   3                  if(max_value[i] > min_value[i])  // ç¡®ä¿æœ€å¤§å€¼å§‹ç»ˆå¤§äºæœ€å°å€¼
  258   3                      max_value[i] -= max_value[i] / 100;
  259   3              }
  260   2          }
  261   1          
  262   1          // æ›´æ–°æ¯ä¸ªç”µæ„Ÿçš„æœ€å°å€¼å’Œæœ€å¤§å€¼
  263   1          for(i = 0; i < SENSOR_COUNT; i++)
  264   1          {
  265   2              // å¼‚å¸¸å€¼æ£€æµ‹ - å¦‚æœè¯»æ•°å¼‚å¸¸å¤§æˆ–å¼‚å¸¸å°ï¼Œå¯èƒ½æ˜¯ä¼ æ„Ÿå™¨æ•…éšœï¼Œä¸æ›´æ–°
  266   2              if(result[i] > 1000 || result[i] < 5)
  267   2                  continue;
  268   2                  
  269   2              // æ›´æ–°æœ€å°å€¼ï¼ˆå¿½ç•¥è¿‡å°çš„å€¼ï¼Œå¯èƒ½æ˜¯å™ªå£°ï¼‰
  270   2              if(result[i] < min_value[i] && result[i] > 10) 
  271   2                  min_value[i] = result[i];
  272   2              
  273   2              // æ›´æ–°æœ€å¤§å€¼
  274   2              if(result[i] > max_value[i]) 
  275   2                  max_value[i] = result[i];
  276   2          }
  277   1          
  278   1          // ç¡®ä¿æœ€å¤§æœ€å°å€¼ä¹‹é—´æœ‰è¶³å¤Ÿå·®è·ï¼Œé¿å…é™¤ä»¥æ¥è¿‘0çš„å€¼
  279   1          for(i = 0; i < SENSOR_COUNT; i++)
  280   1          {
  281   2              if(max_value[i] - min_value[i] < 20)
  282   2              {
  283   3                  // å¦‚æœå·®è·å¤ªå°ï¼Œå¼ºåˆ¶è®¾ç½®ä¸€ä¸ªåˆç†å·®è·
  284   3                  max_value[i] = min_value[i] + 20;
  285   3              }
  286   2          }
  287   1      }
  288          
  289          //-----------------------------------------------------------------------------
  290          // @brief   å½’ä¸€åŒ–ç”µæ„Ÿæ•°æ®
  291          // @param   æ— 
  292          // @return  æ— 
  293          // @author  ZP
  294          // Sample usage: normalize_sensors();
  295          //-----------------------------------------------------------------------------
  296          void normalize_sensors(void)
  297          {
  298   1          uint8 i;
  299   1          // å¯é€‰ï¼šå¯¹å½’ä¸€åŒ–åçš„æ•°æ®è¿›è¡Œå¹³æ»‘å¤„ç†ï¼Œå‡å°‘æŠ–åŠ¨
  300   1          static float last_normalized[SENSOR_COUNT] = {0};
  301   1          // å¹³æ»‘å› å­ï¼Œå¯è°ƒæ•´ï¼šå€¼è¶Šå¤§ï¼Œå“åº”è¶Šå¿«ä½†æŠ–åŠ¨è¶Šæ˜æ˜¾ï¼Œå€¼è¶Šå°ï¼Œå“åº”è¶Šæ…¢ä½
             -†æ›´å¹³ç¨³
  302   1          float smooth_factor = 0.7f; // å»ºè®®åœ¨0.6-0.8èŒƒå›´å†…è°ƒæ•´ï¼Œæ ¹æ®å°è½¦å®é™…è¡¨ç°å¾®è°ƒ    //
             - é¦–å…ˆæ›´æ–°æœ€å¤§æœ€å°å€¼
  303   1      
  304   1          update_min_max_values();
  305   1          
  306   1          // å¯¹æ¯ä¸ªç”µæ„Ÿè¿›è¡Œå½’ä¸€åŒ–å¤„ç†
  307   1          for(i = 0; i < SENSOR_COUNT; i++)
  308   1          {
  309   2              // æ£€æŸ¥æœ€å¤§æœ€å°å€¼å·®å¼‚æ˜¯å¦è¶³å¤Ÿå¤§ï¼Œé˜²æ­¢é™¤ä»¥æ¥è¿‘0çš„å€¼
  310   2              if(max_value[i] - min_value[i] > 20) 
  311   2              {
  312   3                  // æ ‡å‡†çº¿æ€§å½’ä¸€åŒ–ï¼Œå°†å€¼æ˜ å°„åˆ°0-100èŒƒå›´ï¼ˆä¹˜ä»¥100æ–¹ä¾¿åç»­ä½¿ç”¨ï¼‰
  313   3                  normalized_data[i] = (float)(result[i] - min_value[i]) / (max_value[i] - min_value[i]) * 100.
             -0f;
C251 COMPILER V5.60.0,  electromagnetic_tracking                                           14/04/25  22:01:23  PAGE 6   

  314   3                  
  315   3                  // å¯é€‰ï¼šä½¿ç”¨å¹³æ–¹æ ¹éçº¿æ€§æ˜ å°„ï¼Œå¢å¼ºå°ä¿¡å·å“åº”(å¦‚æœå‘ç°å°è½¦å¯¹å°å
             -å·®ååº”ä¸æ•æ„Ÿï¼Œå¯ä»¥å–æ¶ˆå¹³æ–¹æ ¹æ˜ å°„çš„æ³¨é‡Š)
  316   3                  // normalized_data[i] = sqrtf(normalized_data[i] / 100.0f) * 100.0f;
  317   3              }
  318   2              else 
  319   2              {
  320   3                  // å¦‚æœæœ€å¤§æœ€å°å€¼å·®å¼‚å¤ªå°ï¼Œå¯èƒ½æ˜¯ä¼ æ„Ÿå™¨æ•…éšœæˆ–æœªæ­£ç¡®åˆå§‹åŒ–
  321   3                  // ä½¿ç”¨åŸå§‹å€¼çš„ç›¸å¯¹æ¯”ä¾‹ä½œä¸ºæ›¿ä»£ï¼Œä¹Ÿä¹˜ä»¥100ä¿æŒä¸€è‡´æ€§
  322   3                  normalized_data[i] = (float)result[i] / 10.0f;  // å‡è®¾ADCæœ€å¤§å€¼ä¸º1000ï¼Œå½’ä¸€åŒ–åˆ°0-
             -100
  323   3              }
  324   2              
  325   2              // é™åˆ¶èŒƒå›´åœ¨0-100ä¹‹é—´
  326   2              if(normalized_data[i] > 100.0f) normalized_data[i] = 100.0f;
  327   2              if(normalized_data[i] < 0.0f) normalized_data[i] = 0.0f;
  328   2          }
  329   1          
  330   1          for(i = 0; i < SENSOR_COUNT; i++)
  331   1          {
  332   2              // ä½é€šæ»¤æ³¢å¹³æ»‘å¤„ç†
  333   2              normalized_data[i] = normalized_data[i] * smooth_factor + 
  334   2                                  last_normalized[i] * (1.0f - smooth_factor);
  335   2              
  336   2              // ä¿å­˜å½“å‰å€¼ç”¨äºä¸‹æ¬¡å¹³æ»‘
  337   2              last_normalized[i] = normalized_data[i];
  338   2          }
  339   1      }
  340          
  341          //-----------------------------------------------------------------------------
  342          // @brief   æ”¹è¿›ç‰ˆè®¡ç®—ä½ç½®ï¼ˆä½¿ç”¨è‡ªé€‚åº”å·®æ¯”å’ŒåŠ æƒæ–¹æ³•ï¼‰
  343          // @param   æ— 
  344          // @return  è®¡ç®—å¾—åˆ°çš„ä½ç½®å€¼ï¼ŒèŒƒå›´-100åˆ°100
  345          // @author  ZP
  346          // Sample usage: position = calculate_position_improved();
  347          //-----------------------------------------------------------------------------
  348          int16 calculate_position_improved(void)
  349          {
  350   1          // åœ¨å‡½æ•°å¼€å§‹å¤„å£°æ˜æ‰€æœ‰å˜é‡
  351   1          float weight_outer = 0.2f;   // å¤–ä¾§ç”µæ„Ÿæƒé‡(HLå’ŒHR)
  352   1          float weight_middle = 0.6f;  // ä¸­é—´ç”µæ„Ÿæƒé‡(HMLå’ŒHMR)
  353   1          float weight_vertical = 0.2f; // çºµå‘ç”µæ„Ÿæƒé‡(VLå’ŒVR)
  354   1          
  355   1          float diff_outer = 0;        // å¤–ä¾§ç”µæ„Ÿå·®å€¼
  356   1          float diff_middle = 0;       // ä¸­é—´ç”µæ„Ÿå·®å€¼
  357   1          float diff_vertical = 0;     // çºµå‘ç”µæ„Ÿå·®å€¼
  358   1          
  359   1          float sum_outer = 0;         // å¤–ä¾§ç”µæ„Ÿå’Œå€¼
  360   1          float sum_middle = 0;        // ä¸­é—´ç”µæ„Ÿå’Œå€¼
  361   1          float sum_vertical = 0;      // çºµå‘ç”µæ„Ÿå’Œå€¼
  362   1          
  363   1          float ratio_outer = 0;       // å¤–ä¾§ç”µæ„Ÿå·®æ¯”å’Œ
  364   1          float ratio_middle = 0;      // ä¸­é—´ç”µæ„Ÿå·®æ¯”å’Œ
  365   1          float ratio_vertical = 0;    // çºµå‘ç”µæ„Ÿå·®æ¯”å’Œ
  366   1          
  367   1          float signal_strength = 0;   // ä¿¡å·å¼ºåº¦æŒ‡æ ‡
  368   1          static int16 last_pos = 0;   // ä¸Šä¸€æ¬¡ä½ç½®å€¼ï¼Œç”¨äºæ»¤æ³¢
  369   1          int16 pos = 0;               // å½“å‰è®¡ç®—å¾—åˆ°çš„ä½ç½®å€¼
  370   1          float filter_param = 0.7f;   // æ»¤æ³¢ç³»æ•°ï¼Œå¯è°ƒ
  371   1          uint8 track_type = 0;        // èµ›é“ç±»å‹ï¼š0-æ™®é€šï¼Œ1-åå­—ï¼Œ2-ç¯å²›ï¼Œ3-å¡é“
  372   1          
  373   1          // è®¡ç®—å„å¯¹ç”µæ„Ÿçš„å·®å€¼å’Œå’Œå€¼
  374   1          diff_outer = normalized_data[SENSOR_HL] - normalized_data[SENSOR_HR];
  375   1          sum_outer = normalized_data[SENSOR_HL] + normalized_data[SENSOR_HR];
  376   1          
  377   1          diff_middle = normalized_data[SENSOR_HML] - normalized_data[SENSOR_HMR];
C251 COMPILER V5.60.0,  electromagnetic_tracking                                           14/04/25  22:01:23  PAGE 7   

  378   1          sum_middle = normalized_data[SENSOR_HML] + normalized_data[SENSOR_HMR];
  379   1          
  380   1          diff_vertical = normalized_data[SENSOR_VL] - normalized_data[SENSOR_VR];
  381   1          sum_vertical = normalized_data[SENSOR_VL] + normalized_data[SENSOR_VR];
  382   1          
  383   1          // è®¡ç®—ä¿¡å·å¼ºåº¦æŒ‡æ ‡ - æ‰€æœ‰ç”µæ„Ÿå¹³å‡å€¼
  384   1          signal_strength = (sum_outer + sum_middle + sum_vertical) / 6.0f;
  385   1          signal_strength_value = signal_strength; // ä¿å­˜ä¿¡å·å¼ºåº¦æŒ‡æ ‡
  386   1      
  387   1          // è®¡ç®—å·®æ¯”å’Œï¼Œé¿å…é™¤ä»¥0
  388   1          if(sum_outer > 2.0f)
  389   1              ratio_outer = diff_outer / sum_outer;
  390   1          else
  391   1              ratio_outer = 0;
  392   1              
  393   1          if(sum_middle > 2.0f)
  394   1              ratio_middle = diff_middle / sum_middle;
  395   1          else
  396   1              ratio_middle = 0;
  397   1          
  398   1          if(sum_vertical > 2.0f)
  399   1              ratio_vertical = diff_vertical / sum_vertical;
  400   1          else
  401   1              ratio_vertical = 0;
  402   1          
  403   1          // // èµ›é“ç±»å‹è¯†åˆ« - éœ€è¦æ ¹æ®å…­ç”µæ„Ÿç‰¹å¾é‡æ–°è°ƒæ•´
  404   1          // // 1. åå­—è·¯å£ç‰¹å¾ï¼šä¸­é—´ç”µæ„Ÿå€¼å¤§ï¼Œä¸¤ä¾§ç”µæ„Ÿå€¼å°
  405   1          // if(normalized_data[SENSOR_HML] > 60.0f && normalized_data[SENSOR_HMR] > 60.0f && 
  406   1          //    normalized_data[SENSOR_HL] < 30.0f && normalized_data[SENSOR_HR] < 30.0f &&
  407   1          //    sum_vertical > 80.0f)  // å‚ç›´ç”µæ„Ÿä¹Ÿæœ‰ä¸€å®šçš„å€¼
  408   1          // {
  409   1          //     track_type = 1; // åå­—è·¯å£
  410   1          // }
  411   1          // // 2. ç¯å²›ç‰¹å¾ï¼šä¸€ä¾§ç”µæ„Ÿå€¼å¾ˆå¤§ï¼Œå¦ä¸€ä¾§å¾ˆå°
  412   1          // else if((normalized_data[SENSOR_HL] > 80.0f && normalized_data[SENSOR_HR] < 20.0f) ||
  413   1          //         (normalized_data[SENSOR_HR] > 80.0f && normalized_data[SENSOR_HL] < 20.0f))
  414   1          // {
  415   1          //     track_type = 2; // ç¯å²›
  416   1              
  417   1          //     // ç¯å²›ä¸­å¯ä»¥ä½¿ç”¨å‚ç›´ç”µæ„Ÿå’Œä¸­é—´ç”µæ„Ÿåˆ¤æ–­æ›´ç²¾ç¡®çš„ä½ç½®
  418   1          //     if(normalized_data[SENSOR_VL] > 70.0f && normalized_data[SENSOR_VR] < 30.0f)
  419   1          //     {
  420   1          //         // å·¦ç¯å²›
  421   1          //     }
  422   1          //     else if(normalized_data[SENSOR_VL] < 30.0f && normalized_data[SENSOR_VR] > 70.0f)
  423   1          //     {
  424   1          //         // å³ç¯å²›
  425   1          //     }
  426   1          // }
  427   1          // // 3. å¡é“ç‰¹å¾ï¼šæ‰€æœ‰ç”µæ„Ÿå€¼éƒ½è¾ƒå¤§
  428   1          // else if(normalized_data[SENSOR_HL] > 70.0f && normalized_data[SENSOR_HR] > 70.0f &&
  429   1          //         normalized_data[SENSOR_HML] > 70.0f && normalized_data[SENSOR_HMR] > 70.0f)
  430   1          // {
  431   1          //     track_type = 3; // å¡é“
  432   1          // }
  433   1          
  434   1          // æ ¹æ®èµ›é“ç±»å‹å’Œä¿¡å·å¼ºåº¦è°ƒæ•´æƒé‡
  435   1          switch(track_type)
  436   1          {
  437   2              case 0: // æ™®é€šèµ›é“
  438   2                  // æ ¹æ®ä¿¡å·å¼ºåº¦åŠ¨æ€è°ƒæ•´æƒé‡
  439   2                  if(signal_strength > 70.0f) // ä¿¡å·å¼ºï¼Œå¯èƒ½åœ¨ç›´é“
  440   2                  {
  441   3                      weight_outer = 0.3f;
  442   3                      weight_middle = 0.5f;
  443   3                      weight_vertical = 0.2f;
C251 COMPILER V5.60.0,  electromagnetic_tracking                                           14/04/25  22:01:23  PAGE 8   

  444   3                  }
  445   2                  else if(signal_strength < 30.0f) // ä¿¡å·å¼±ï¼Œå¯èƒ½åœ¨å¼¯é“
  446   2                  {
  447   3                      weight_outer = 0.5f;
  448   3                      weight_middle = 0.3f;
  449   3                      weight_vertical = 0.2f;
  450   3                  }
  451   2                  break;
  452   2                  
  453   2              case 1: // åå­—è·¯å£
  454   2                  // åå­—è·¯å£æ›´ä¾èµ–ä¸­é—´ç”µæ„Ÿå’Œå‚ç›´ç”µæ„Ÿ
  455   2                  weight_outer = 0.2f;
  456   2                  weight_middle = 0.5f;
  457   2                  weight_vertical = 0.3f;
  458   2                  break;
  459   2                  
  460   2              case 2: // ç¯å²›
  461   2                  // ç¯å²›æ›´ä¾èµ–å¤–ä¾§ç”µæ„Ÿ
  462   2                  weight_outer = 0.6f;
  463   2                  weight_middle = 0.3f;
  464   2                  weight_vertical = 0.1f;
  465   2                  break;
  466   2                  
  467   2              case 3: // å¡é“
  468   2                  // å¡é“ä½¿ç”¨å¹³å‡æƒé‡
  469   2                  weight_outer = 0.33f;
  470   2                  weight_middle = 0.34f;
  471   2                  weight_vertical = 0.33f;
  472   2                  break;
  473   2      
  474   2              default:
  475   2                  break;
  476   2          }
  477   1          
  478   1          // ç‰¹æ®Šæƒ…å†µå¤„ç†ï¼šå½“æ‰€æœ‰ç”µæ„Ÿå€¼éƒ½å¾ˆå°æ—¶ï¼Œå¯èƒ½å·²ç»åç¦»èµ›é“
  479   1          if(sum_outer < 10.0f && sum_middle < 10.0f && sum_vertical < 10.0f)
  480   1          {
  481   2              // æ ¹æ®ä¸Šä¸€æ¬¡ä½ç½®åˆ¤æ–­åç¦»æ–¹å‘
  482   2              if(last_pos > 0)
  483   2                  return 100;  // å‘å³åç¦»
  484   2              else
  485   2                  return -100; // å‘å·¦åç¦»
  486   2          }
  487   1          
  488   1          // ä¸‰ç»„å·®æ¯”å’ŒåŠ æƒå¹³å‡è®¡ç®—ä½ç½®
  489   1          pos = (int16)((ratio_outer * weight_outer + 
  490   1                         ratio_middle * weight_middle + 
  491   1                         ratio_vertical * weight_vertical) * 100.0f);
  492   1          
  493   1          // é™åˆ¶èŒƒå›´åœ¨-100åˆ°100ä¹‹é—´
  494   1          if(pos > 100) pos = 100;
  495   1          if(pos < -100) pos = -100;
  496   1          
  497   1          // æ ¹æ®èµ›é“ç±»å‹è°ƒæ•´æ»¤æ³¢å‚æ•°
  498   1          if(track_type == 0) // æ™®é€šèµ›é“
  499   1          {
  500   2              // æ ¹æ®ä¿¡å·å¼ºåº¦è°ƒæ•´æ»¤æ³¢å‚æ•°
  501   2              if(signal_strength > 70.0f) // ä¿¡å·å¼ºï¼Œå¯èƒ½åœ¨ç›´é“
  502   2                  filter_param = 0.8f; // å“åº”æ›´å¿«
  503   2              else
  504   2                  filter_param = 0.6f; // æ›´å¹³æ»‘
  505   2          }
  506   1          else if(track_type == 1) // åå­—è·¯å£
  507   1          {
  508   2              filter_param = 0.5f; // åå­—è·¯å£éœ€è¦æ›´å¹³æ»‘çš„æ§åˆ¶
  509   2          }
C251 COMPILER V5.60.0,  electromagnetic_tracking                                           14/04/25  22:01:23  PAGE 9   

  510   1          else if(track_type == 2) // ç¯å²›
  511   1          {
  512   2              filter_param = 0.9f; // ç¯å²›éœ€è¦æ›´å¿«çš„å“åº”
  513   2          }
  514   1          
  515   1          // æ·»åŠ è‡ªé€‚åº”ä½é€šæ»¤æ³¢ï¼Œå‡å°‘æŠ–åŠ¨
  516   1          pos = (int16)(filter_param * pos + (1-filter_param) * last_pos);
  517   1          last_pos = pos;
  518   1          
  519   1          return pos;
  520   1      }
  521          
  522          
  523          //-----------------------------------------------------------------------------
  524          // @brief   ç”µç£ä¿æŠ¤é€»è¾‘å‡½æ•°
  525          // @param   æ— 
  526          // @return  ä¿æŠ¤è§¦å‘æ ‡å¿—ä½ï¼Œ1è¡¨ç¤ºå·²è§¦å‘ä¿æŠ¤
  527          // @author  ZP
  528          // Sample usage: protection_flag = check_electromagnetic_protection();
  529          //-----------------------------------------------------------------------------
  530          uint8 check_electromagnetic_protection(void)
  531          {
  532   1          // åœ¨å‡½æ•°å¼€å§‹å¤„å£°æ˜æ‰€æœ‰å˜é‡
  533   1          uint8 is_out_of_track = 0;    // æ ‡è®°æ˜¯å¦è„±ç¦»èµ›é“çš„æ ‡å¿—ä½
  534   1          uint16 sum_value = 0;         // æ‰€æœ‰ç”µæ„Ÿå€¼çš„æ€»å’Œ
  535   1          uint16 threshold = 150;       // é˜ˆå€¼ï¼Œéœ€è¦æ ¹æ®å…­ç”µæ„Ÿçš„å®é™…æƒ…å†µé‡æ–°è°ƒæ•´
  536   1          static uint8 out_of_track_count = 0;    // è¿ç»­æ£€æµ‹åˆ°è„±ç¦»èµ›é“çš„æ¬¡æ•°è®¡æ•°å™¨
  537   1          static uint8 in_track_count = 0;        // è¿ç»­æ£€æµ‹åˆ°åœ¨è½¨é“ä¸Šçš„æ¬¡æ•°è®¡æ•°å™¨
  538   1          static uint8 protection_triggered = 0;  // ä¿æŠ¤è§¦å‘æ ‡å¿—ä½ï¼Œ1è¡¨ç¤ºå·²è§¦å‘ä¿æŠ¤
  539   1          uint8 i;
  540   1          uint8 trigger_reason = 0;     // è®°å½•è§¦å‘åŸå› ï¼Œç”¨äºè°ƒè¯•
  541   1          
  542   1          // è®¡ç®—æ‰€æœ‰ç”µæ„Ÿçš„å’Œå€¼
  543   1          for(i = 0; i < SENSOR_COUNT; i++)
  544   1          {
  545   2              sum_value += result[i];
  546   2          }
  547   1          
  548   1          // åˆ¤æ–­æ˜¯å¦è„±ç¦»èµ›é“çš„æ¡ä»¶
  549   1          // 1. æ‰€æœ‰ç”µæ„Ÿå€¼æ€»å’Œè¿‡å°ï¼Œè¯´æ˜å¯èƒ½è„±ç¦»èµ›é“
  550   1          if(sum_value < threshold)
  551   1          {
  552   2              is_out_of_track = 1;
  553   2              trigger_reason = 1;
  554   2          }
  555   1          
  556   1          // 2. å½’ä¸€åŒ–åçš„å€¼éƒ½å¾ˆå°ï¼Œè¯´æ˜å¯èƒ½è„±ç¦»èµ›é“
  557   1          if(normalized_data[SENSOR_HL] < 5.0f && normalized_data[SENSOR_VL] < 5.0f && 
  558   1             normalized_data[SENSOR_HML] < 5.0f && normalized_data[SENSOR_HMR] < 5.0f &&
  559   1             normalized_data[SENSOR_VR] < 5.0f && normalized_data[SENSOR_HR] < 5.0f)
  560   1          {
  561   2              is_out_of_track = 1;
  562   2              trigger_reason = 2;
  563   2          }
  564   1          
  565   1          // 3. ä½ç½®åå·®è¿‡å¤§ï¼Œè¯´æ˜å¯èƒ½åç¦»èµ›é“å¤ªå¤š
  566   1          if(position < -90 || position > 90)
  567   1          {
  568   2              // åªæœ‰å½“ç”µæ„Ÿå€¼æ€»å’Œä¹Ÿè¾ƒå°æ—¶æ‰åˆ¤æ–­ä¸ºå‡ºèµ›é“
  569   2              if(sum_value < threshold * 2)
  570   2              {
  571   3                  is_out_of_track = 1;
  572   3                  trigger_reason = 3;
  573   3              }
  574   2          }
  575   1          
C251 COMPILER V5.60.0,  electromagnetic_tracking                                           14/04/25  22:01:23  PAGE 10  

  576   1          // è¿ç»­æ£€æµ‹é€»è¾‘ï¼Œé˜²æ­¢å¶ç„¶çš„ä½å€¼å¯¼è‡´è¯¯åˆ¤
  577   1          if(is_out_of_track)
  578   1          {
  579   2              out_of_track_count++;
  580   2              in_track_count = 0;  // é‡ç½®åœ¨è½¨é“ä¸Šçš„è®¡æ•°
  581   2              
  582   2              if(out_of_track_count >= 5 && !protection_triggered)  // è¿ç»­5æ¬¡æ£€æµ‹åˆ°è„±ç¦»èµ›é“æ‰è§¦å‘
             -ä¿æŠ¤
  583   2              {
  584   3                  protection_triggered = 1;
  585   3                  // è¿™é‡Œå¯ä»¥è¾“å‡ºè§¦å‘ä¿æŠ¤çš„ä¿¡æ¯ï¼Œç”¨äºè°ƒè¯•
  586   3                  // sprintf(g_TxData, "Protection triggered! Reason: %d, Sum: %d\n", trigger_reason, sum_value
             -);
  587   3                  // uart_putstr(UART_4, g_TxData);
  588   3              }
  589   2          }
  590   1          else
  591   1          {
  592   2              // å¦‚æœæ£€æµ‹æ­£å¸¸ï¼Œè®¡æ•°å™¨å¢åŠ 
  593   2              in_track_count++;
  594   2              if(out_of_track_count > 0)
  595   2                  out_of_track_count--;
  596   2                  
  597   2              // è‡ªåŠ¨æ¢å¤æœºåˆ¶ï¼šè¿ç»­20æ¬¡æ£€æµ‹åˆ°æ­£å¸¸ï¼Œåˆ™è§£é™¤ä¿æŠ¤çŠ¶æ€
  598   2              if(in_track_count >= 20 && protection_triggered)
  599   2              {
  600   3                  protection_triggered = 0;
  601   3                  out_of_track_count = 0;
  602   3                  in_track_count = 0;
  603   3                  // å¯ä»¥è¾“å‡ºè‡ªåŠ¨æ¢å¤çš„ä¿¡æ¯ï¼Œç”¨äºè°ƒè¯•
  604   3                  // sprintf(g_TxData, "Protection auto reset!\n");
  605   3                  // uart_putstr(UART_4, g_TxData);
  606   3              }
  607   2          }
  608   1          
  609   1          return protection_triggered;
  610   1      }
  611          
  612          // æ˜¾ç¤ºç”µç£ä¼ æ„Ÿå™¨æ•°æ®
  613          void display_electromagnetic_data(void)
  614          {
  615   1          // æ˜¾ç¤ºåŸå§‹æ»¤æ³¢æ•°æ®å’Œå½’ä¸€åŒ–æ•°æ®
  616   1          ips114_showstr_simspi(0,0,"HL:");   
  617   1          ips114_showuint16_simspi(3*8, 0, result[SENSOR_HL]);
  618   1          ips114_showstr_simspi(9*8,0,"N:");
  619   1          ips114_showfloat_simspi(11*8, 0, normalized_data[SENSOR_HL], 2, 2);
  620   1          
  621   1          ips114_showstr_simspi(0,1,"VL:");  
  622   1          ips114_showuint16_simspi(3*8, 1, result[SENSOR_VL]);
  623   1          ips114_showstr_simspi(9*8,1,"N:");
  624   1          ips114_showfloat_simspi(11*8, 1, normalized_data[SENSOR_VL], 2, 2);
  625   1          
  626   1          ips114_showstr_simspi(0,2,"HML:");  
  627   1          ips114_showuint16_simspi(4*8, 2, result[SENSOR_HML]);
  628   1          ips114_showstr_simspi(9*8,2,"N:");
  629   1          ips114_showfloat_simspi(11*8, 2, normalized_data[SENSOR_HML], 2, 2);
  630   1          
  631   1          ips114_showstr_simspi(0,3,"HMR:");   
  632   1          ips114_showuint16_simspi(4*8, 3, result[SENSOR_HMR]);
  633   1          ips114_showstr_simspi(9*8,3,"N:");
  634   1          ips114_showfloat_simspi(11*8, 3, normalized_data[SENSOR_HMR], 2, 2);
  635   1          
  636   1          ips114_showstr_simspi(0,4,"VR:");   
  637   1          ips114_showuint16_simspi(3*8, 4, result[SENSOR_VR]);
  638   1          ips114_showstr_simspi(9*8,4,"N:");
  639   1          ips114_showfloat_simspi(11*8, 4, normalized_data[SENSOR_VR], 2, 2);
C251 COMPILER V5.60.0,  electromagnetic_tracking                                           14/04/25  22:01:23  PAGE 11  

  640   1          
  641   1          ips114_showstr_simspi(0,5,"HR:");   
  642   1          ips114_showuint16_simspi(3*8, 5, result[SENSOR_HR]);
  643   1          ips114_showstr_simspi(9*8,5,"N:");
  644   1          ips114_showfloat_simspi(11*8, 5, normalized_data[SENSOR_HR], 2, 2);
  645   1          
  646   1          // æ˜¾ç¤ºä½ç½®å’Œå·®æ¯”å’Œæ•°æ®
  647   1          ips114_showstr_simspi(0,6,"Pos:");
  648   1          ips114_showint16_simspi(5*8, 6, position);
  649   1          
  650   1          // æ˜¾ç¤ºä¿æŠ¤çŠ¶æ€
  651   1          ips114_showstr_simspi(0,7,"Prot:");
  652   1          ips114_showuint8_simspi(6*8, 7, protection_flag);
  653   1      } 


Module Information          Static   Overlayable
------------------------------------------------
  code size            =      4739     ------
  ecode size           =    ------     ------
  data size            =    ------     ------
  idata size           =    ------     ------
  pdata size           =    ------     ------
  xdata size           =    ------     ------
  xdata-const size     =    ------     ------
  edata size           =       340     ------
  bit size             =    ------     ------
  ebit size            =    ------     ------
  bitaddressable size  =    ------     ------
  ebitaddressable size =    ------     ------
  far data size        =    ------     ------
  huge data size       =    ------     ------
  const size           =    ------     ------
  hconst size          =       364     ------
End of Module Information.


C251 COMPILATION COMPLETE.  0 WARNING(S),  0 ERROR(S)
