C251 COMPILER V5.60.0,  filter                                                             29/03/25  12:22:58  PAGE 1   


C251 COMPILER V5.60.0, COMPILATION OF MODULE filter
OBJECT MODULE PLACED IN .\Out_File\filter.obj
COMPILER INVOKED BY: D:\Software\Keil5\c251v560\C251\BIN\C251.EXE ..\USER\src\filter.c XSMALL INTR2 FLOAT64 WARNINGLEVEL
                    -(3) OPTIMIZE(0,SPEED) BROWSE INCDIR(..\CODE;..\USER\inc;..\USER\src;..\seekfree_components;..\seekfree_libraries;..\seek
                    -free_peripheral;..\libraries) DEBUG PRINT(.\Out_File\filter.lst) TABS(2) OBJECT(.\Out_File\filter.obj) 

stmt  level    source

    1          #include "filter.h"
    2          
    3          
    4          const float imu693kf_Q = 0.17;
    5          const float imu693kf_R = 0.20;
    6          
    7          
    8          KalmanFilter imu693_kf;
    9          
   10          
   11          void Kalman_Init(KalmanFilter* kf, float F, float B, float Q, float R, float initial_x)
   12          {
   13   1          kf->F = F;
   14   1          kf->B = B;
   15   1          kf->Q = Q;
   16   1          kf->R = R;
   17   1          kf->P = 1.0;       // 初始协方差
   18   1          kf->x = initial_x;
   19   1      }
   20          
   21          void Kalman_Predict(KalmanFilter* kf, float u)
   22          {
   23   1          kf->x = kf->F * kf->x + kf->B * u;
   24   1          kf->P = kf->F * kf->P * kf->F + kf->Q;
   25   1      }
   26          
   27          float Kalman_Update(KalmanFilter* kf, float z)
   28          {
   29   1          kf->K = kf->P / (kf->P + kf->R);
   30   1          kf->x += kf->K * (z - kf->x);
   31   1          kf->P *= (1 - kf->K);
   32   1          return kf->x;
   33   1      }


Module Information          Static   Overlayable
------------------------------------------------
  code size            =       495     ------
  ecode size           =    ------     ------
  data size            =    ------     ------
  idata size           =    ------     ------
  pdata size           =    ------     ------
  xdata size           =    ------     ------
  xdata-const size     =    ------     ------
  edata size           =        68     ------
  bit size             =    ------     ------
  ebit size            =    ------     ------
  bitaddressable size  =    ------     ------
  ebitaddressable size =    ------     ------
  far data size        =    ------     ------
  huge data size       =    ------     ------
  const size           =    ------     ------
  hconst size          =         8     ------
End of Module Information.


C251 COMPILATION COMPLETE.  0 WARNING(S),  0 ERROR(S)
