C251 COMPILER V5.60.0,  SEEKFREE_IMU963RA                                                  14/04/25  22:01:26  PAGE 1   


C251 COMPILER V5.60.0, COMPILATION OF MODULE SEEKFREE_IMU963RA
OBJECT MODULE PLACED IN .\Out_File\SEEKFREE_IMU963RA.obj
COMPILER INVOKED BY: D:\Software\Keil5\c251v560\C251\BIN\C251.EXE ..\seekfree_peripheral\SEEKFREE_IMU963RA.c XSMALL INTR
                    -2 FLOAT64 WARNINGLEVEL(3) OPTIMIZE(0,SPEED) BROWSE INCDIR(..\CODE;..\USER\inc;..\USER\src;..\seekfree_components;..\seek
                    -free_libraries;..\seekfree_peripheral;..\libraries) DEBUG PRINT(.\Out_File\SEEKFREE_IMU963RA.lst) TABS(2) OBJECT(.\Out_F
                    -ile\SEEKFREE_IMU963RA.obj) 

stmt  level    source

    1          /********************************************************************************************************
             -*************
    2           * COPYRIGHT NOTICE
    3           * Copyright (c) 2018,é€é£ç§‘æŠ€
    4           * All rights reserved.
    5           * æŠ€æœ¯è®¨è®ºQQç¾¤ï¼šä¸€ç¾¤ï¼š179029047(å·²æ»¡)  äºŒç¾¤ï¼š244861897
    6           *
    7           * ä»¥ä¸‹æ‰€æœ‰å†…å®¹ç‰ˆæƒå‡å±é€é£ç§‘æŠ€æ‰€æœ‰ï¼Œæœªç»å…è®¸ä¸å¾—ç”¨äºå•†ä¸šç”¨é€”ï¼Œ
    8           * æ¬¢è¿å„ä½ä½¿ç”¨å¹¶ä¼ æ’­æœ¬ç¨‹åºï¼Œä¿®æ”¹å†…å®¹æ—¶å¿…é¡»ä¿ç•™é€é£ç§‘æŠ€çš„ç‰ˆæƒå£°æ˜ã€‚
    9           *
   10           * @file          IMU963RA
   11           * @company       æˆéƒ½é€é£ç§‘æŠ€æœ‰é™å…¬å¸
   12           * @author        é€é£ç§‘æŠ€(QQ3184284598)
   13           * @version       æŸ¥çœ‹docå†…versionæ–‡ä»¶ ç‰ˆæœ¬è¯´æ˜
   14           * @Software    MDK FOR C251 V5.60
   15           * @Target core   STC32G12K128
   16           * @Taobao      https://seekfree.taobao.com/
   17           * @date          2019-04-30
   18           * @note
   19           * æ¥çº¿å®šä¹‰ï¼š
   20           *                   ------------------------------------
   21           *                   æ¨¡å—ç®¡è„š            å•ç‰‡æœºç®¡è„š
   22           *                   // ç¡¬ä»¶ SPI å¼•è„š
   23           *                   SCL/SPC             æŸ¥çœ‹ SEEKFREE_IMU963RA.h ä¸­ IMU963RA_SPC_PIN å®å®šä¹‰
   24           *                   SDA/DSI             æŸ¥çœ‹ SEEKFREE_IMU963RA.h ä¸­ IMU963RA_SDI_PIN å®å®šä¹‰
   25           *                   SA0/SDO             æŸ¥çœ‹ SEEKFREE_IMU963RA.h ä¸­ IMU963RA_SDO_PIN å®å®šä¹‰
   26           *                   CS                  æŸ¥çœ‹ SEEKFREE_IMU963RA.h ä¸­ IMU963RA_CS_PIN  å®å®šä¹‰
   27           *                   VCC                 3.3Vç”µæº
   28           *                   GND                 ç”µæºåœ°
   29           *                   å…¶ä½™å¼•è„šæ‚¬ç©º
   30           *
   31           *                   // è½¯ä»¶ IIC å¼•è„š
   32           *                   SCL/SPC             æŸ¥çœ‹ SEEKFREE_IMU963RA.h ä¸­ IMU963RA_SCL_PIN å®å®šä¹‰
   33           *                   SDA/DSI             æŸ¥çœ‹ SEEKFREE_IMU963RA.h ä¸­ IMU963RA_SDA_PIN å®å®šä¹‰
   34           *                   VCC                 3.3Vç”µæº
   35           *                   GND                 ç”µæºåœ°
   36           *                   å…¶ä½™å¼•è„šæ‚¬ç©º
   37           *                   ------------------------------------
   38          *********************************************************************************************************
             -***********/
   39          
   40          #include "SEEKFREE_IMU963RA.h"
   41          
   42          
   43          #include "zf_delay.h"
   44          #include "zf_spi.h"
   45          
   46          
   47          #pragma warning disable = 177
   48          #pragma warning disable = 183
   49          
   50          
   51          int16 imu963ra_gyro_x = 0, imu963ra_gyro_y = 0, imu963ra_gyro_z = 0;
   52          int16 imu963ra_acc_x = 0,  imu963ra_acc_y = 0,  imu963ra_acc_z = 0;
   53          int16 imu963ra_mag_x = 0,  imu963ra_mag_y = 0,  imu963ra_mag_z = 0;
   54          
C251 COMPILER V5.60.0,  SEEKFREE_IMU963RA                                                  14/04/25  22:01:26  PAGE 2   

   55          
   56          //-------------------------------------------------------------------------------------------------------
             -------------
   57          //  @brief      é€šè¿‡SPIå†™ä¸€ä¸ªbyte,åŒæ—¶è¯»å–ä¸€ä¸ªbyte
   58          //  @param      byte        å‘é€çš„æ•°æ®
   59          //  @return     uint8 xdata       return è¿”å›statusçŠ¶æ€
   60          //  @since      v1.0
   61          //  Sample usage:
   62          //-------------------------------------------------------------------------------------------------------
             -------------
   63          static uint8 imu963ra_simspi_wr_byte(uint8 byte)
   64          {
   65   1        uint8 buffer;
   66   1        
   67   1          buffer = spi_mosi(byte);
   68   1        
   69   1          return(buffer);
   70   1      }
   71          //-------------------------------------------------------------------------------------------------------
             -------------
   72          //  @brief      å°†valå†™å…¥cmdå¯¹åº”çš„å¯„å­˜å™¨åœ°å€,åŒæ—¶è¿”å›statuså­—èŠ‚
   73          //  @param      cmd         å‘½ä»¤å­—
   74          //  @param      val         å¾…å†™å…¥å¯„å­˜å™¨çš„æ•°å€¼
   75          //  @since      v1.0
   76          //  Sample usage:
   77          //-------------------------------------------------------------------------------------------------------
             -------------
   78          static void imu963ra_simspi_w_reg_byte(uint8 cmd, uint8 val)
   79          {
   80   1          IMU963RA_CS(0);
   81   1          cmd |= IMU963RA_SPI_W;
   82   1          imu963ra_simspi_wr_byte(cmd);
   83   1          imu963ra_simspi_wr_byte(val);
   84   1          IMU963RA_CS(1);
   85   1      }
   86          
   87          
   88          //-------------------------------------------------------------------------------------------------------
             -------------
   89          //  @brief      å°†valå†™å…¥cmdå¯¹åº”çš„å¯„å­˜å™¨åœ°å€
   90          //  @param      cmd         å‘½ä»¤å­—
   91          //  @param      val         å¾…å†™å…¥å¯„å­˜å™¨çš„æ•°å€¼
   92          //  @since      v1.0
   93          //  Sample usage:
   94          //-------------------------------------------------------------------------------------------------------
             -------------
   95          //static void imu963ra_simspi_w_reg_bytes(uint8 cmd, uint8 *dat_addr, uint32 len)
   96          //{
   97          
   98          //
   99          //    IMU963RA_CS(0);
  100          //    cmd |= IMU963RA_SPI_W;
  101          //    imu963ra_simspi_wr_byte(cmd);
  102          //  while(len--)
  103          //  {
  104          //    imu963ra_simspi_wr_byte(*dat_addr++);
  105          //  }
  106          //    IMU963RA_CS(1);
  107          //}
  108          
  109          //-------------------------------------------------------------------------------------------------------
             -------------
  110          //  @brief      è¯»å–cmdæ‰€å¯¹åº”çš„å¯„å­˜å™¨åœ°å€
  111          //  @param      cmd         å‘½ä»¤å­—
  112          //  @param      *val        å­˜å‚¨è¯»å–çš„æ•°æ®åœ°å€
  113          //  @since      v1.0
C251 COMPILER V5.60.0,  SEEKFREE_IMU963RA                                                  14/04/25  22:01:26  PAGE 3   

  114          //  Sample usage:
  115          //-------------------------------------------------------------------------------------------------------
             -------------
  116          static void imu963ra_simspi_r_reg_byte(uint8 cmd, uint8 *val)
  117          {
  118   1          IMU963RA_CS(0);
  119   1          cmd |= IMU963RA_SPI_R;
  120   1          imu963ra_simspi_wr_byte(cmd);
  121   1          *val = imu963ra_simspi_wr_byte(0);
  122   1          IMU963RA_CS(1);
  123   1      }
  124          
  125          //-------------------------------------------------------------------------------------------------------
             -------------
  126          //  @brief      è¯»å–cmdæ‰€å¯¹åº”çš„å¯„å­˜å™¨åœ°å€
  127          //  @param      cmd         å‘½ä»¤å­—
  128          //  @param      *val        å­˜å‚¨è¯»å–çš„æ•°æ®åœ°å€
  129          //  @param      num         è¯»å–çš„æ•°é‡
  130          //  @since      v1.0
  131          //  Sample usage:
  132          //-------------------------------------------------------------------------------------------------------
             -------------
  133          static void imu963ra_simspi_r_reg_bytes(uint8 cmd, uint8 *val, uint32 num)
  134          {
  135   1          cmd |= IMU963RA_SPI_R;
  136   1          imu963ra_simspi_wr_byte(cmd);
  137   1          while(num--)
  138   1          {
  139   2              *val++ = imu963ra_simspi_wr_byte(0);
  140   2          }
  141   1      }
  142          
  143          
  144          
  145          //-------------------------------------------------------------------------------------------------------
             -------------
  146          // å‡½æ•°ç®€ä»‹     IMU963RA å†™å¯„å­˜å™¨
  147          // å‚æ•°è¯´æ˜     reg             å¯„å­˜å™¨åœ°å€
  148          // å‚æ•°è¯´æ˜     dat            æ•°æ®
  149          // è¿”å›å‚æ•°     void
  150          // ä½¿ç”¨ç¤ºä¾‹     imu963ra_write_acc_gyro_register(IMU963RA_SLV0_CONFIG, 0x00);
  151          // å¤‡æ³¨ä¿¡æ¯     å†…éƒ¨è°ƒç”¨
  152          //-------------------------------------------------------------------------------------------------------
             -------------
  153          static void imu963ra_write_acc_gyro_register(uint8 reg, uint8 dat)
  154          {
  155   1          IMU963RA_CS(0);
  156   1          imu963ra_simspi_w_reg_byte(reg | IMU963RA_SPI_W, dat);
  157   1          IMU963RA_CS(1);
  158   1      }
  159          
  160          //-------------------------------------------------------------------------------------------------------
             -------------
  161          // å‡½æ•°ç®€ä»‹     IMU963RA è¯»å¯„å­˜å™¨
  162          // å‚æ•°è¯´æ˜     reg             å¯„å­˜å™¨åœ°å€
  163          // è¿”å›å‚æ•°     uint8 xdata           æ•°æ®
  164          // ä½¿ç”¨ç¤ºä¾‹     imu963ra_read_acc_gyro_register(IMU963RA_STATUS_MASTER);
  165          // å¤‡æ³¨ä¿¡æ¯     å†…éƒ¨è°ƒç”¨
  166          //-------------------------------------------------------------------------------------------------------
             -------------
  167          static uint8 imu963ra_read_acc_gyro_register(uint8 reg)
  168          {
  169   1          uint8 xdata dat = 0;
  170   1          IMU963RA_CS(0);
  171   1          imu963ra_simspi_r_reg_byte(reg | IMU963RA_SPI_R, &dat);
  172   1          IMU963RA_CS(1);
C251 COMPILER V5.60.0,  SEEKFREE_IMU963RA                                                  14/04/25  22:01:26  PAGE 4   

  173   1          return dat;
  174   1      }
  175          
  176          //-------------------------------------------------------------------------------------------------------
             -------------
  177          // å‡½æ•°ç®€ä»‹     IMU963RA è¯»æ•°æ® å†…éƒ¨è°ƒç”¨
  178          // å‚æ•°è¯´æ˜     reg             å¯„å­˜å™¨åœ°å€
  179          // å‚æ•°è¯´æ˜     dat            æ•°æ®ç¼“å†²åŒº
  180          // å‚æ•°è¯´æ˜     len             æ•°æ®é•¿åº¦
  181          // è¿”å›å‚æ•°     void
  182          // ä½¿ç”¨ç¤ºä¾‹     imu963ra_read_acc_gyro_registers(IMU963RA_OUTX_L_A, dat, 6);
  183          // å¤‡æ³¨ä¿¡æ¯     å†…éƒ¨è°ƒç”¨
  184          //-------------------------------------------------------------------------------------------------------
             -------------
  185          static void imu963ra_read_acc_gyro_registers(uint8 reg, uint8 *dat, uint32 len)
  186          {
  187   1          IMU963RA_CS(0);
  188   1          imu963ra_simspi_r_reg_bytes( reg | IMU963RA_SPI_R, dat, len);
  189   1          IMU963RA_CS(1);
  190   1      }
  191          
  192          
  193          //-------------------------------------------------------------------------------------------------------
             -------------
  194          // å‡½æ•°ç®€ä»‹     IMU963RA ä½œä¸º IIC ä¸»æœºå‘ç£åŠ›è®¡å†™æ•°æ®
  195          // å‚æ•°è¯´æ˜     addr            ç›®æ ‡åœ°å€
  196          // å‚æ•°è¯´æ˜     reg             ç›®æ ‡å¯„å­˜å™¨
  197          // å‚æ•°è¯´æ˜     dat            æ•°æ®
  198          // è¿”å›å‚æ•°     uint8 xdata           1-å¤±è´¥ 0-æˆåŠŸ
  199          // ä½¿ç”¨ç¤ºä¾‹     imu963ra_write_mag_register(IMU963RA_MAG_ADDR, IMU963RA_MAG_CONTROL2, 0x80);
  200          // å¤‡æ³¨ä¿¡æ¯     å†…éƒ¨è°ƒç”¨
  201          //-------------------------------------------------------------------------------------------------------
             -------------
  202          static uint8 imu963ra_write_mag_register (uint8 addr, uint8 reg, uint8 dat)
  203          {
  204   1          uint8 xdata return_state = 0;
  205   1          uint16 xdata timeout_count = 0;
  206   1          addr = addr << 1;
  207   1          imu963ra_write_acc_gyro_register(IMU963RA_SLV0_CONFIG, 0x00);               // ä»æœº0é…ç½®æ¸…é™¤
  208   1          imu963ra_write_acc_gyro_register(IMU963RA_SLV0_ADD, addr | 0);              // è®¾ç½®åœ°ç£è®¡åœ°å€ï
             -¼ˆæ³¨æ„è¿™é‡Œéœ€è¦è®¾ç½®8ä½çš„I2Cåœ°å€ï¼‰ 0x2C
  209   1          imu963ra_write_acc_gyro_register(IMU963RA_SLV0_SUBADD, reg);                // éœ€è¦å†™å…¥çš„å¯„å­˜å
             -™¨åœ°å€
  210   1          imu963ra_write_acc_gyro_register(IMU963RA_DATAWRITE_SLV0, dat);            // éœ€è¦å†™å…¥çš„æ•°æ®
  211   1          imu963ra_write_acc_gyro_register(IMU963RA_MASTER_CONFIG, 0x4C);             // ä»…åœ¨ç¬¬ä¸€ä¸ªå‘¨æœŸå
             -¯ç”¨é€šè®¯ å¼€å¯ä¸Šæ‹‰ I2Cä¸»æœºä½¿èƒ½
  212   1          // ç­‰å¾…é€šè®¯æˆåŠŸ
  213   1          while(0 == (0x80 & imu963ra_read_acc_gyro_register(IMU963RA_STATUS_MASTER)))
  214   1          {
  215   2              if(timeout_count ++ > IMU963RA_TIMEOUT_COUNT)
  216   2              {
  217   3                  return_state = 1;
  218   3                  break;
  219   3              }
  220   2              delay_ms(2);
  221   2          }
  222   1          return return_state;
  223   1      }
  224          
  225          //-------------------------------------------------------------------------------------------------------
             -------------
  226          // å‡½æ•°ç®€ä»‹     IMU963RA ä½œä¸º IIC ä¸»æœºå‘ç£åŠ›è®¡è¯»æ•°æ®
  227          // å‚æ•°è¯´æ˜     addr            ç›®æ ‡åœ°å€
  228          // å‚æ•°è¯´æ˜     reg             ç›®æ ‡å¯„å­˜å™¨
  229          // è¿”å›å‚æ•°     uint8 xdata           è¯»å–çš„æ•°æ®
  230          // ä½¿ç”¨ç¤ºä¾‹     imu963ra_read_mag_register(IMU963RA_MAG_ADDR, IMU963RA_MAG_CHIP_ID);
C251 COMPILER V5.60.0,  SEEKFREE_IMU963RA                                                  14/04/25  22:01:26  PAGE 5   

  231          // å¤‡æ³¨ä¿¡æ¯     å†…éƒ¨è°ƒç”¨
  232          //-------------------------------------------------------------------------------------------------------
             -------------
  233          static uint8 imu963ra_read_mag_register (uint8 addr, uint8 reg)
  234          {
  235   1          uint16 xdata timeout_count = 0;
  236   1          addr = addr << 1;
  237   1          imu963ra_write_acc_gyro_register(IMU963RA_SLV0_ADD, addr | 1);              // è®¾ç½®åœ°ç£è®¡åœ°å€ï
             -¼ˆæ³¨æ„è¿™é‡Œéœ€è¦è®¾ç½®8ä½çš„I2Cåœ°å€ï¼‰ 0x2C
  238   1          imu963ra_write_acc_gyro_register(IMU963RA_SLV0_SUBADD, reg);                // éœ€è¦è¯»å–çš„å¯„å­˜å
             -™¨åœ°å€
  239   1          imu963ra_write_acc_gyro_register(IMU963RA_SLV0_CONFIG, 0x01);
  240   1          imu963ra_write_acc_gyro_register(IMU963RA_MASTER_CONFIG, 0x4C);             // ä»…åœ¨ç¬¬ä¸€ä¸ªå‘¨æœŸå
             -¯ç”¨é€šè®¯ å¼€å¯ä¸Šæ‹‰ I2Cä¸»æœºä½¿èƒ½
  241   1          // ç­‰å¾…é€šè®¯æˆåŠŸ
  242   1          while(0 == (0x01 & imu963ra_read_acc_gyro_register(IMU963RA_STATUS_MASTER)))
  243   1          {
  244   2              if(timeout_count ++ > IMU963RA_TIMEOUT_COUNT)
  245   2              {
  246   3                  break;
  247   3              }
  248   2              delay_ms(2);
  249   2          }
  250   1          return (imu963ra_read_acc_gyro_register(IMU963RA_SENSOR_HUB_1));            // è¿”å›è¯»å–åˆ°çš„æ•°æ
             -®
  251   1      }
  252          
  253          //-------------------------------------------------------------------------------------------------------
             -------------
  254          // å‡½æ•°ç®€ä»‹     IMU963RA ä½œä¸º IIC ä¸»æœºå‘ç£åŠ›è®¡è‡ªåŠ¨å†™æ•°æ®
  255          // å‚æ•°è¯´æ˜     addr            ç›®æ ‡åœ°å€
  256          // å‚æ•°è¯´æ˜     reg             ç›®æ ‡å¯„å­˜å™¨
  257          // è¿”å›å‚æ•°     void
  258          // ä½¿ç”¨ç¤ºä¾‹     imu963ra_connect_mag(IMU963RA_MAG_ADDR, IMU963RA_MAG_OUTX_L);
  259          // å¤‡æ³¨ä¿¡æ¯     å†…éƒ¨è°ƒç”¨
  260          //-------------------------------------------------------------------------------------------------------
             -------------
  261          static void imu963ra_connect_mag (uint8 addr, uint8 reg)
  262          {
  263   1          addr = addr << 1;
  264   1          imu963ra_write_acc_gyro_register(IMU963RA_SLV0_ADD, addr | 1);              // è®¾ç½®åœ°ç£è®¡åœ°å€ï
             -¼ˆæ³¨æ„è¿™é‡Œéœ€è¦è®¾ç½®8ä½çš„I2Cåœ°å€ï¼‰ 0x2C
  265   1          imu963ra_write_acc_gyro_register(IMU963RA_SLV0_SUBADD, reg);                // éœ€è¦è¯»å–çš„å¯„å­˜å
             -™¨åœ°å€
  266   1          imu963ra_write_acc_gyro_register(IMU963RA_SLV0_CONFIG, 0x06);
  267   1          imu963ra_write_acc_gyro_register(IMU963RA_MASTER_CONFIG, 0x6C);             // ä»…åœ¨ç¬¬ä¸€ä¸ªå‘¨æœŸå
             -¯ç”¨é€šè®¯ å¼€å¯ä¸Šæ‹‰ I2Cä¸»æœºä½¿èƒ½
  268   1      }
  269          
  270          
  271          //-------------------------------------------------------------------------------------------------------
             -------------
  272          // å‡½æ•°ç®€ä»‹     IMU963RA å…­è½´è‡ªæ£€ å†…éƒ¨è°ƒç”¨
  273          // å‚æ•°è¯´æ˜     void
  274          // è¿”å›å‚æ•°     uint8 xdata           1-è‡ªæ£€å¤±è´¥ 0-è‡ªæ£€æˆåŠŸ
  275          // ä½¿ç”¨ç¤ºä¾‹     imu963ra_acc_gyro_self_check();
  276          // å¤‡æ³¨ä¿¡æ¯     å†…éƒ¨è°ƒç”¨
  277          //-------------------------------------------------------------------------------------------------------
             -------------
  278          static uint8 imu963ra_acc_gyro_self_check (void)
  279          {
  280   1          uint8 xdata return_state = 0;
  281   1          uint8 xdata dat = 0;
  282   1          uint16 xdata timeout_count = 0;
  283   1          while(0x6B != dat)                                                          // åˆ¤æ–­ ID æ˜¯å¦æ­£ç¡®
  284   1          {
C251 COMPILER V5.60.0,  SEEKFREE_IMU963RA                                                  14/04/25  22:01:26  PAGE 6   

  285   2              if(timeout_count++ > IMU963RA_TIMEOUT_COUNT)
  286   2              {
  287   3                  return_state = 1;
  288   3                  break;
  289   3              }
  290   2              dat = imu963ra_read_acc_gyro_register(IMU963RA_WHO_AM_I);
  291   2              delay_ms(10);
  292   2          }
  293   1          return return_state;
  294   1      }
  295          
  296          //-------------------------------------------------------------------------------------------------------
             -------------
  297          // å‡½æ•°ç®€ä»‹     IMU963RA ç£åŠ›è®¡è‡ªæ£€ å†…éƒ¨è°ƒç”¨
  298          // å‚æ•°è¯´æ˜     void
  299          // è¿”å›å‚æ•°     uint8 xdata           1-è‡ªæ£€å¤±è´¥ 0-è‡ªæ£€æˆåŠŸ
  300          // ä½¿ç”¨ç¤ºä¾‹     imu963ra_mag_self_check();
  301          // å¤‡æ³¨ä¿¡æ¯     å†…éƒ¨è°ƒç”¨
  302          //-------------------------------------------------------------------------------------------------------
             -------------
  303          static uint8 imu963ra_mag_self_check (void)
  304          {
  305   1          uint8 xdata return_state = 0;
  306   1          uint8 xdata dat = 0;
  307   1          uint16 xdata timeout_count = 0;
  308   1          while(0xff != dat)                                                          // åˆ¤æ–­ ID æ˜¯å¦æ­£ç¡®
  309   1          {
  310   2              if(timeout_count++ > IMU963RA_TIMEOUT_COUNT)
  311   2              {
  312   3                  return_state = 1;
  313   3                  break;
  314   3              }
  315   2              dat = imu963ra_read_mag_register(IMU963RA_MAG_ADDR, IMU963RA_MAG_CHIP_ID);
  316   2              delay_ms(10);
  317   2          }
  318   1          return return_state;
  319   1      }
  320          
  321          //-------------------------------------------------------------------------------------------------------
             -------------
  322          // å‡½æ•°ç®€ä»‹     è·å– IMU963RA åŠ é€Ÿåº¦è®¡æ•°æ®
  323          // å‚æ•°è¯´æ˜     void
  324          // è¿”å›å‚æ•°     void
  325          // ä½¿ç”¨ç¤ºä¾‹     imu963ra_get_acc();
  326          // å¤‡æ³¨ä¿¡æ¯     æ‰§è¡Œè¯¥å‡½æ•°åï¼Œç›´æ¥æŸ¥çœ‹å¯¹åº”çš„å˜é‡å³å¯
  327          //-------------------------------------------------------------------------------------------------------
             -------------
  328          void imu963ra_get_acc (void)
  329          {
  330   1          uint8 xdata dat[6];
  331   1          imu963ra_read_acc_gyro_registers(IMU963RA_OUTX_L_A, dat, 6);
  332   1          imu963ra_acc_x = (int16)(((uint16)dat[1]<<8 | dat[0]));
  333   1          imu963ra_acc_y = (int16)(((uint16)dat[3]<<8 | dat[2]));
  334   1          imu963ra_acc_z = (int16)(((uint16)dat[5]<<8 | dat[4]));
  335   1      }
  336          
  337          
  338          //-------------------------------------------------------------------------------------------------------
             -------------
  339          // å‡½æ•°ç®€ä»‹     è·å–IMU963RAé™€èºä»ªæ•°æ®
  340          // å‚æ•°è¯´æ˜     void
  341          // è¿”å›å‚æ•°     void
  342          // ä½¿ç”¨ç¤ºä¾‹     imu963ra_get_gyro();
  343          // å¤‡æ³¨ä¿¡æ¯     æ‰§è¡Œè¯¥å‡½æ•°åï¼Œç›´æ¥æŸ¥çœ‹å¯¹åº”çš„å˜é‡å³å¯
  344          //-------------------------------------------------------------------------------------------------------
             -------------
C251 COMPILER V5.60.0,  SEEKFREE_IMU963RA                                                  14/04/25  22:01:26  PAGE 7   

  345          void imu963ra_get_gyro (void)
  346          {
  347   1          uint8 xdata dat[6];
  348   1          imu963ra_read_acc_gyro_registers(IMU963RA_OUTX_L_G, dat, 6);
  349   1          imu963ra_gyro_x = (int16)(((uint16)dat[1]<<8 | dat[0]));
  350   1          imu963ra_gyro_y = (int16)(((uint16)dat[3]<<8 | dat[2]));
  351   1          imu963ra_gyro_z = (int16)(((uint16)dat[5]<<8 | dat[4]));
  352   1      }
  353          
  354          
  355          //-------------------------------------------------------------------------------------------------------
             -------------
  356          // å‡½æ•°ç®€ä»‹     è·å– IMU963RA ç£åŠ›è®¡æ•°æ®
  357          // å‚æ•°è¯´æ˜     void
  358          // è¿”å›å‚æ•°     void
  359          // ä½¿ç”¨ç¤ºä¾‹     imu963ra_get_mag();
  360          // å¤‡æ³¨ä¿¡æ¯     æ‰§è¡Œè¯¥å‡½æ•°åï¼Œç›´æ¥æŸ¥çœ‹å¯¹åº”çš„å˜é‡å³å¯
  361          //-------------------------------------------------------------------------------------------------------
             -------------
  362          void imu963ra_get_mag (void)
  363          {
  364   1          uint8 xdata temp_status;
  365   1          uint8 xdata dat[6];
  366   1          imu963ra_write_acc_gyro_register(IMU963RA_FUNC_CFG_ACCESS, 0x40);
  367   1          temp_status = imu963ra_read_acc_gyro_register(IMU963RA_STATUS_MASTER);
  368   1          if(0x01 & temp_status)
  369   1          {
  370   2              imu963ra_read_acc_gyro_registers(IMU963RA_SENSOR_HUB_1, dat, 6);
  371   2              imu963ra_mag_x = (int16)(((uint16)dat[1]<<8 | dat[0]));
  372   2              imu963ra_mag_y = (int16)(((uint16)dat[3]<<8 | dat[2]));
  373   2              imu963ra_mag_z = (int16)(((uint16)dat[5]<<8 | dat[4]));
  374   2          }
  375   1          imu963ra_write_acc_gyro_register(IMU963RA_FUNC_CFG_ACCESS, 0x00);
  376   1      }
  377          
  378          //-------------------------------------------------------------------------------------------------------
             -------------
  379          // å‡½æ•°ç®€ä»‹     å°† IMU963RA åŠ é€Ÿåº¦è®¡æ•°æ®è½¬æ¢ä¸ºå®é™…ç‰©ç†æ•°æ®
  380          // å‚æ•°è¯´æ˜     gyro_value      ä»»æ„è½´çš„åŠ é€Ÿåº¦è®¡æ•°æ®
  381          // è¿”å›å‚æ•°     void
  382          // ä½¿ç”¨ç¤ºä¾‹     float dat = imu963ra_acc_transition(imu963ra_acc_x);           // å•ä½ä¸º g(m/s^2)
  383          // å¤‡æ³¨ä¿¡æ¯
  384          //-------------------------------------------------------------------------------------------------------
             -------------
  385          float imu963ra_acc_transition (int16 acc_value)
  386          {
  387   1          float acc_dat = 0;
  388   1          switch(IMU963RA_ACC_SAMPLE)
  389   1          {
  390   2              case 0x30:
  391   2                  acc_dat = (float)acc_value / 16393;
  392   2                  break;                  // 0x30 åŠ é€Ÿåº¦é‡ç¨‹ä¸º:Â±2G      è·å–åˆ°çš„åŠ é€Ÿåº¦è®¡æ•°æ® é
             -™¤ä»¥ 16393 ï¼Œå¯ä»¥è½¬åŒ–ä¸ºå¸¦ç‰©ç†å•ä½çš„æ•°æ®ï¼Œå•ä½ï¼šg(m/s^2)
  393   2              case 0x38:
  394   2                  acc_dat = (float)acc_value / 8197;
  395   2                  break;                  // 0x38 åŠ é€Ÿåº¦é‡ç¨‹ä¸º:Â±4G      è·å–åˆ°çš„åŠ é€Ÿåº¦è®¡æ•°æ® é
             -™¤ä»¥ 8197 ï¼Œ å¯ä»¥è½¬åŒ–ä¸ºå¸¦ç‰©ç†å•ä½çš„æ•°æ®ï¼Œå•ä½ï¼šg(m/s^2)
  396   2              case 0x3C:
  397   2                  acc_dat = (float)acc_value / 4098;
  398   2                  break;                  // 0x3C åŠ é€Ÿåº¦é‡ç¨‹ä¸º:Â±8G      è·å–åˆ°çš„åŠ é€Ÿåº¦è®¡æ•°æ® é
             -™¤ä»¥ 4098 ï¼Œ å¯ä»¥è½¬åŒ–ä¸ºå¸¦ç‰©ç†å•ä½çš„æ•°æ®ï¼Œå•ä½ï¼šg(m/s^2)
  399   2              case 0x34:
  400   2                  acc_dat = (float)acc_value / 2049;
  401   2                  break;                  // 0x34 åŠ é€Ÿåº¦é‡ç¨‹ä¸º:Â±16G     è·å–åˆ°çš„åŠ é€Ÿåº¦è®¡æ•°æ® é
             -™¤ä»¥ 2049 ï¼Œ å¯ä»¥è½¬åŒ–ä¸ºå¸¦ç‰©ç†å•ä½çš„æ•°æ®ï¼Œå•ä½ï¼šg(m/s^2)
  402   2              default:
C251 COMPILER V5.60.0,  SEEKFREE_IMU963RA                                                  14/04/25  22:01:26  PAGE 8   

  403   2                  break;
  404   2          }
  405   1          return acc_dat;
  406   1      }
  407          
  408          //-------------------------------------------------------------------------------------------------------
             -------------
  409          // å‡½æ•°ç®€ä»‹     å°† IMU963RA é™€èºä»ªæ•°æ®è½¬æ¢ä¸ºå®é™…ç‰©ç†æ•°æ®
  410          // å‚æ•°è¯´æ˜     gyro_value      ä»»æ„è½´çš„é™€èºä»ªæ•°æ®
  411          // è¿”å›å‚æ•°     void
  412          // ä½¿ç”¨ç¤ºä¾‹     float dat = imu963ra_gyro_transition(imu963ra_gyro_x);         // å•ä½ä¸ºÂ°/s
  413          // å¤‡æ³¨ä¿¡æ¯
  414          //-------------------------------------------------------------------------------------------------------
             -------------
  415          float imu963ra_gyro_transition (int16 gyro_value)
  416          {
  417   1          float gyro_dat = 0;
  418   1          switch(IMU963RA_GYR_SAMPLE)
  419   1          {
  420   2              case 0x52:
  421   2                  gyro_dat = (float)gyro_value / 228.6f;
  422   2                  break;              //  0x52 é™€èºä»ªé‡ç¨‹ä¸º:Â±125dps  è·å–åˆ°çš„é™€èºä»ªæ•°æ®é™¤ä»¥ 2
             -28.6ï¼Œ   å¯ä»¥è½¬åŒ–ä¸ºå¸¦ç‰©ç†å•ä½çš„æ•°æ®ï¼Œå•ä½ä¸ºï¼šÂ°/s
  423   2              case 0x50:
  424   2                  gyro_dat = (float)gyro_value / 114.3f;
  425   2                  break;              //  0x50 é™€èºä»ªé‡ç¨‹ä¸º:Â±250dps  è·å–åˆ°çš„é™€èºä»ªæ•°æ®é™¤ä»¥ 1
             -14.3ï¼Œ   å¯ä»¥è½¬åŒ–ä¸ºå¸¦ç‰©ç†å•ä½çš„æ•°æ®ï¼Œå•ä½ä¸ºï¼šÂ°/s
  426   2              case 0x54:
  427   2                  gyro_dat = (float)gyro_value / 57.1f;
  428   2                  break;              //  0x54 é™€èºä»ªé‡ç¨‹ä¸º:Â±500dps  è·å–åˆ°çš„é™€èºä»ªæ•°æ®é™¤ä»¥ 5
             -7.1ï¼Œ    å¯ä»¥è½¬åŒ–ä¸ºå¸¦ç‰©ç†å•ä½çš„æ•°æ®ï¼Œå•ä½ä¸ºï¼šÂ°/s
  429   2              case 0x58:
  430   2                  gyro_dat = (float)gyro_value / 28.6f;
  431   2                  break;              //  0x58 é™€èºä»ªé‡ç¨‹ä¸º:Â±1000dps è·å–åˆ°çš„é™€èºä»ªæ•°æ®é™¤ä»¥ 2
             -8.6ï¼Œ    å¯ä»¥è½¬åŒ–ä¸ºå¸¦ç‰©ç†å•ä½çš„æ•°æ®ï¼Œå•ä½ä¸ºï¼šÂ°/s
  432   2              case 0x5C:
  433   2                  gyro_dat = (float)gyro_value / 14.3f;
  434   2                  break;              //  0x5C é™€èºä»ªé‡ç¨‹ä¸º:Â±2000dps è·å–åˆ°çš„é™€èºä»ªæ•°æ®é™¤ä»¥ 1
             -4.3ï¼Œ    å¯ä»¥è½¬åŒ–ä¸ºå¸¦ç‰©ç†å•ä½çš„æ•°æ®ï¼Œå•ä½ä¸ºï¼šÂ°/s
  435   2              case 0x51:
  436   2                  gyro_dat = (float)gyro_value / 7.1f;
  437   2                  break;              //  0x51 é™€èºä»ªé‡ç¨‹ä¸º:Â±4000dps è·å–åˆ°çš„é™€èºä»ªæ•°æ®é™¤ä»¥ 7
             -.1ï¼Œ     å¯ä»¥è½¬åŒ–ä¸ºå¸¦ç‰©ç†å•ä½çš„æ•°æ®ï¼Œå•ä½ä¸ºï¼šÂ°/s
  438   2              default:
  439   2                  break;
  440   2          }
  441   1          return gyro_dat;
  442   1      }
  443          
  444          //-------------------------------------------------------------------------------------------------------
             -------------
  445          // å‡½æ•°ç®€ä»‹     å°† IMU963RA åœ°ç£è®¡æ•°æ®è½¬æ¢ä¸ºå®é™…ç‰©ç†æ•°æ®
  446          // å‚æ•°è¯´æ˜     mag_value       ä»»æ„è½´çš„åœ°ç£è®¡æ•°æ®
  447          // è¿”å›å‚æ•°     void
  448          // ä½¿ç”¨ç¤ºä¾‹     float dat = imu963ra_mag_transition(imu963ra_mag_x);          // å•ä½ä¸ºG(é«˜æ–¯)
  449          // å¤‡æ³¨ä¿¡æ¯
  450          //-------------------------------------------------------------------------------------------------------
             -------------
  451          float imu963ra_mag_transition (int16 mag_value)
  452          {
  453   1          float mag_dat = 0;
  454   1          switch(IMU963RA_MAG_SAMPLE)
  455   1          {
  456   2              case 0x19:
  457   2                  mag_dat = (float)mag_value / 3000;
  458   2                  break;                  //  0x19 ç£åŠ›è®¡é‡ç¨‹ä¸º:8G     è·å–åˆ°çš„åŠ é€Ÿåº¦è®¡æ•°æ® é™¤
C251 COMPILER V5.60.0,  SEEKFREE_IMU963RA                                                  14/04/25  22:01:26  PAGE 9   

             -ä»¥3000ï¼Œ å¯ä»¥è½¬åŒ–ä¸ºå¸¦ç‰©ç†å•ä½çš„æ•°æ®ï¼Œå•ä½ï¼šG(é«˜æ–¯)
  459   2              case 0x09:
  460   2                  mag_dat = (float)mag_value / 12000;
  461   2                  break;                  //  0x09 ç£åŠ›è®¡é‡ç¨‹ä¸º:2G     è·å–åˆ°çš„åŠ é€Ÿåº¦è®¡æ•°æ® é™¤
             -ä»¥12000ï¼Œå¯ä»¥è½¬åŒ–ä¸ºå¸¦ç‰©ç†å•ä½çš„æ•°æ®ï¼Œå•ä½ï¼šG(é«˜æ–¯)
  462   2              default:
  463   2                  break;
  464   2          }
  465   1          return mag_dat;
  466   1      }
  467          
  468          //-------------------------------------------------------------------------------------------------------
             -------------
  469          // å‡½æ•°ç®€ä»‹     åˆå§‹åŒ– IMU963RA
  470          // å‚æ•°è¯´æ˜     void
  471          // è¿”å›å‚æ•°     uint8 xdata           1-åˆå§‹åŒ–å¤±è´¥ 0-åˆå§‹åŒ–æˆåŠŸ
  472          // ä½¿ç”¨ç¤ºä¾‹     imu963ra_init();
  473          // å¤‡æ³¨ä¿¡æ¯
  474          //-------------------------------------------------------------------------------------------------------
             -------------
  475          uint8 imu963ra_init(void)
  476          {
  477   1          uint8 xdata return_state = 0;
  478   1        
  479   1        spi_init(IMU693RA_SPI, IMU963RA_CLK_PIN, IMU963RA_MOSI_PIN, IMU963RA_MISO_PIN, 0, MASTER, SPI_SYSclk_DIV
             -_4);
  480   1        
  481   1          delay_ms(10);                                                        // ä¸Šç”µå»¶æ—¶
  482   1      
  483   1          do
  484   1          {
  485   2              imu963ra_write_acc_gyro_register(IMU963RA_FUNC_CFG_ACCESS, 0x00);       // å…³é—­HUBå¯„å­˜å™¨è®¿é
             -—®
  486   2              imu963ra_write_acc_gyro_register(IMU963RA_CTRL3_C, 0x01);               // å¤ä½è®¾å¤‡
  487   2          
  488   2              delay_ms(2);
  489   2          
  490   2              imu963ra_write_acc_gyro_register(IMU963RA_FUNC_CFG_ACCESS, 0x00);       // å…³é—­HUBå¯„å­˜å™¨è®¿é
             -—®
  491   2          
  492   2              if(imu963ra_acc_gyro_self_check())
  493   2              {
  494   3      //            printf( "IMU963RA acc and gyro self check error.\r\n");
  495   3                  return_state = 1;
  496   3                  break;
  497   3              }
  498   2          
  499   2              imu963ra_write_acc_gyro_register(IMU963RA_INT1_CTRL, 0x03);             // å¼€å¯é™€èºä»ª åŠ é€Ÿ
             -åº¦æ•°æ®å°±ç»ªä¸­æ–­
  500   2              imu963ra_write_acc_gyro_register(IMU963RA_CTRL1_XL, IMU963RA_GYR_SAMPLE);   // è®¾ç½®åŠ é€Ÿåº¦è®¡
             -é‡ç¨‹ Â±8G ä»¥åŠæ•°æ®è¾“å‡ºé€Ÿç‡ 52hz ä»¥åŠåŠ é€Ÿåº¦ä¿¡æ¯ä»ç¬¬ä¸€çº§æ»¤æ³¢å™¨è¾“å‡º
  501   2              // IMU963RA_CTRL1_XL å¯„å­˜å™¨
  502   2              // è®¾ç½®ä¸º:0x30 åŠ é€Ÿåº¦é‡ç¨‹ä¸º:Â±2G      è·å–åˆ°çš„åŠ é€Ÿåº¦è®¡æ•°æ® é™¤ä»¥16393ï¼Œå¯ä»
             -¥è½¬åŒ–ä¸ºå¸¦ç‰©ç†å•ä½çš„æ•°æ®ï¼Œå•ä½ï¼šg(m/s^2)
  503   2              // è®¾ç½®ä¸º:0x38 åŠ é€Ÿåº¦é‡ç¨‹ä¸º:Â±4G      è·å–åˆ°çš„åŠ é€Ÿåº¦è®¡æ•°æ® é™¤ä»¥8197ï¼Œ å¯ä»
             -¥è½¬åŒ–ä¸ºå¸¦ç‰©ç†å•ä½çš„æ•°æ®ï¼Œå•ä½ï¼šg(m/s^2)
  504   2              // è®¾ç½®ä¸º:0x3C åŠ é€Ÿåº¦é‡ç¨‹ä¸º:Â±8G      è·å–åˆ°çš„åŠ é€Ÿåº¦è®¡æ•°æ® é™¤ä»¥4098ï¼Œ å¯ä»
             -¥è½¬åŒ–ä¸ºå¸¦ç‰©ç†å•ä½çš„æ•°æ®ï¼Œå•ä½ï¼šg(m/s^2)
  505   2              // è®¾ç½®ä¸º:0x34 åŠ é€Ÿåº¦é‡ç¨‹ä¸º:Â±16G     è·å–åˆ°çš„åŠ é€Ÿåº¦è®¡æ•°æ® é™¤ä»¥2049ï¼Œ å¯ä»
             -¥è½¬åŒ–ä¸ºå¸¦ç‰©ç†å•ä½çš„æ•°æ®ï¼Œå•ä½ï¼šg(m/s^2)
  506   2          
  507   2              imu963ra_write_acc_gyro_register(IMU963RA_CTRL2_G, IMU963RA_ACC_SAMPLE);    // è®¾ç½®é™€èºä»ªè®¡
             -é‡ç¨‹ Â±2000dps ä»¥åŠæ•°æ®è¾“å‡ºé€Ÿç‡ 208hz
  508   2              // IMU963RA_CTRL2_G å¯„å­˜å™¨
  509   2              // è®¾ç½®ä¸º:0x52 é™€èºä»ªé‡ç¨‹ä¸º:Â±125dps  è·å–åˆ°çš„é™€èºä»ªæ•°æ®é™¤ä»¥228.6ï¼Œ   å¯ä»¥
             -è½¬åŒ–ä¸ºå¸¦ç‰©ç†å•ä½çš„æ•°æ®ï¼Œå•ä½ä¸ºï¼šÂ°/s
C251 COMPILER V5.60.0,  SEEKFREE_IMU963RA                                                  14/04/25  22:01:26  PAGE 10  

  510   2              // è®¾ç½®ä¸º:0x50 é™€èºä»ªé‡ç¨‹ä¸º:Â±250dps  è·å–åˆ°çš„é™€èºä»ªæ•°æ®é™¤ä»¥114.3ï¼Œ   å¯ä»¥
             -è½¬åŒ–ä¸ºå¸¦ç‰©ç†å•ä½çš„æ•°æ®ï¼Œå•ä½ä¸ºï¼šÂ°/s
  511   2              // è®¾ç½®ä¸º:0x54 é™€èºä»ªé‡ç¨‹ä¸º:Â±500dps  è·å–åˆ°çš„é™€èºä»ªæ•°æ®é™¤ä»¥57.1ï¼Œ    å¯ä»¥
             -è½¬åŒ–ä¸ºå¸¦ç‰©ç†å•ä½çš„æ•°æ®ï¼Œå•ä½ä¸ºï¼šÂ°/s
  512   2              // è®¾ç½®ä¸º:0x58 é™€èºä»ªé‡ç¨‹ä¸º:Â±1000dps è·å–åˆ°çš„é™€èºä»ªæ•°æ®é™¤ä»¥28.6ï¼Œ    å¯ä»¥
             -è½¬åŒ–ä¸ºå¸¦ç‰©ç†å•ä½çš„æ•°æ®ï¼Œå•ä½ä¸ºï¼šÂ°/s
  513   2              // è®¾ç½®ä¸º:0x5C é™€èºä»ªé‡ç¨‹ä¸º:Â±2000dps è·å–åˆ°çš„é™€èºä»ªæ•°æ®é™¤ä»¥14.3ï¼Œ    å¯ä»¥
             -è½¬åŒ–ä¸ºå¸¦ç‰©ç†å•ä½çš„æ•°æ®ï¼Œå•ä½ä¸ºï¼šÂ°/s
  514   2              // è®¾ç½®ä¸º:0x51 é™€èºä»ªé‡ç¨‹ä¸º:Â±4000dps è·å–åˆ°çš„é™€èºä»ªæ•°æ®é™¤ä»¥7.1ï¼Œ     å¯ä»¥
             -è½¬åŒ–ä¸ºå¸¦ç‰©ç†å•ä½çš„æ•°æ®ï¼Œå•ä½ä¸ºï¼šÂ°/s
  515   2          
  516   2              imu963ra_write_acc_gyro_register(IMU963RA_CTRL3_C, 0x44);               // ä½¿èƒ½é™€èºä»ªæ•°å­—ä
             -½é€šæ»¤æ³¢å™¨
  517   2              imu963ra_write_acc_gyro_register(IMU963RA_CTRL4_C, 0x02);               // ä½¿èƒ½æ•°å­—ä½é€šæ»¤æ
             -³¢å™¨
  518   2              imu963ra_write_acc_gyro_register(IMU963RA_CTRL5_C, 0x00);               // åŠ é€Ÿåº¦è®¡ä¸é™€èºä
             -»ªå››èˆäº”å…¥
  519   2              imu963ra_write_acc_gyro_register(IMU963RA_CTRL6_C, 0x00);               // å¼€å¯åŠ é€Ÿåº¦è®¡é«˜æ
             -€§èƒ½æ¨¡å¼ é™€èºä»ªä½é€šæ»¤æ³¢ 133hz
  520   2              imu963ra_write_acc_gyro_register(IMU963RA_CTRL7_G, 0x00);               // å¼€å¯é™€èºä»ªé«˜æ€§è
             -ƒ½æ¨¡å¼ å…³é—­é«˜é€šæ»¤æ³¢
  521   2              imu963ra_write_acc_gyro_register(IMU963RA_CTRL9_XL, 0x01);              // å…³é—­I3Cæ¥å£
  522   2              imu963ra_write_acc_gyro_register(IMU963RA_FUNC_CFG_ACCESS, 0x40);       // å¼€å¯HUBå¯„å­˜å™¨è®¿é
             -—® ç”¨äºé…ç½®åœ°ç£è®¡
  523   2              imu963ra_write_acc_gyro_register(IMU963RA_MASTER_CONFIG, 0x80);         // å¤ä½I2Cä¸»æœº
  524   2          
  525   2              delay_ms(2);
  526   2              imu963ra_write_acc_gyro_register(IMU963RA_MASTER_CONFIG, 0x00);         // æ¸…é™¤å¤ä½æ ‡å¿—
  527   2          
  528   2              delay_ms(2);
  529   2              imu963ra_write_mag_register(IMU963RA_MAG_ADDR, IMU963RA_MAG_CONTROL2, 0x80);// å¤ä½è¿æ¥çš„å¤–
             -è®¾
  530   2          
  531   2              delay_ms(2);
  532   2              imu963ra_write_mag_register(IMU963RA_MAG_ADDR, IMU963RA_MAG_CONTROL2, 0x00);
  533   2          
  534   2              delay_ms(2);
  535   2              if(imu963ra_mag_self_check())
  536   2              {
  537   3      //      while(1)
  538   3      //      {
  539   3      //            printf("IMU963RA mag self check error.\r\n");
  540   3      //        delay_ms(200);
  541   3      //      };
  542   3                  return_state = 1;
  543   3                  break;
  544   3              }
  545   2              imu963ra_write_mag_register(IMU963RA_MAG_ADDR, IMU963RA_MAG_CONTROL1, IMU963RA_MAG_SAMPLE); // è®
             -¾ç½®ç£åŠ›è®¡é‡ç¨‹8G è¾“å‡ºé€Ÿç‡100hz è¿ç»­æ¨¡å¼
  546   2          
  547   2              // IMU963RA_MAG_ADDR å¯„å­˜å™¨
  548   2              // è®¾ç½®ä¸º:0x19 ç£åŠ›è®¡é‡ç¨‹ä¸º:8G     è·å–åˆ°çš„åŠ é€Ÿåº¦è®¡æ•°æ® é™¤ä»¥3000ï¼Œ å¯ä»¥è½
             -¬åŒ–ä¸ºå¸¦ç‰©ç†å•ä½çš„æ•°æ®ï¼Œå•ä½ï¼šG(é«˜æ–¯)
  549   2              // è®¾ç½®ä¸º:0x09 ç£åŠ›è®¡é‡ç¨‹ä¸º:2G     è·å–åˆ°çš„åŠ é€Ÿåº¦è®¡æ•°æ® é™¤ä»¥12000ï¼Œå¯ä»¥è½
             -¬åŒ–ä¸ºå¸¦ç‰©ç†å•ä½çš„æ•°æ®ï¼Œå•ä½ï¼šG(é«˜æ–¯)
  550   2              imu963ra_write_mag_register(IMU963RA_MAG_ADDR, IMU963RA_MAG_FBR, 0x01);
  551   2              imu963ra_connect_mag(IMU963RA_MAG_ADDR, IMU963RA_MAG_OUTX_L);
  552   2              imu963ra_write_acc_gyro_register(IMU963RA_FUNC_CFG_ACCESS, 0x00);       // å…³é—­HUBå¯„å­˜å™¨è®¿é
             -—®
  553   2          
  554   2              delay_ms(20);         // ç­‰å¾…ç£åŠ›è®¡è·å–æ•°æ®
  555   2          
  556   2          }
  557   1          while(0);
  558   1          return return_state;
  559   1      }
C251 COMPILER V5.60.0,  SEEKFREE_IMU963RA                                                  14/04/25  22:01:26  PAGE 11  



Module Information          Static   Overlayable
------------------------------------------------
  code size            =      1742     ------
  ecode size           =    ------     ------
  data size            =    ------     ------
  idata size           =    ------     ------
  pdata size           =    ------     ------
  xdata size           =        34     ------
  xdata-const size     =    ------     ------
  edata size           =        73     ------
  bit size             =    ------     ------
  ebit size            =    ------     ------
  bitaddressable size  =    ------     ------
  ebitaddressable size =    ------     ------
  far data size        =    ------     ------
  huge data size       =    ------     ------
  const size           =    ------     ------
  hconst size          =        54     ------
End of Module Information.


C251 COMPILATION COMPLETE.  0 WARNING(S),  0 ERROR(S)
