C251 COMPILER V5.60.0,  SEEKFREE_WIRELESS_CH573                                            23/03/25  14:17:39  PAGE 1   


C251 COMPILER V5.60.0, COMPILATION OF MODULE SEEKFREE_WIRELESS_CH573
OBJECT MODULE PLACED IN .\Out_File\SEEKFREE_WIRELESS_CH573.obj
COMPILER INVOKED BY: D:\Software\Keil5\c251v560\C251\BIN\C251.EXE ..\seekfree_peripheral\SEEKFREE_WIRELESS_CH573.c XSMAL
                    -L INTR2 FLOAT64 WARNINGLEVEL(3) OPTIMIZE(0,SPEED) BROWSE INCDIR(..\CODE;..\USER\inc;..\USER\src;..\seekfree_components;.
                    -.\seekfree_libraries;..\seekfree_peripheral;..\libraries) DEBUG PRINT(.\Out_File\SEEKFREE_WIRELESS_CH573.lst) TABS(2) OB
                    -JECT(.\Out_File\SEEKFREE_WIRELESS_CH573.obj) 

stmt  level    source

    1          /********************************************************************************************************
             -*************
    2           * COPYRIGHT NOTICE
    3           * Copyright (c) 2018,逐飞科技
    4           * All rights reserved.
    5           * 技术讨论QQ群：一群：179029047(已满)  二群：244861897
    6           *
    7           * 以下所有内容版权均属逐飞科技所有，未经允许不得用于商业用途，
    8           * 欢迎各位使用并传播本程序，修改内容时必须保留逐飞科技的版权声明。
    9           *
   10           * @file          无线CH573
   11           * @company       成都逐飞科技有限公司
   12           * @author        逐飞科技(QQ3184284598)
   13           * @version       查看doc内version文件 版本说明
   14           * @Software    MDK FOR C251 V5.60
   15           * @Target core   STC32G12K128
   16           * @Taobao      https://seekfree.taobao.com/
   17           * @date          2019-03-27
   18           * @note    
   19                    接线定义：
   20                    ------------------------------------ 
   21                    无线转串口      单片机                        
   22                    RX              查看SEEKFREE_WIRELESS_CH573.h文件中的WIRELESS_CH573_UART_TX_PIN宏定义
   23                    TX              查看SEEKFREE_WIRELESS_CH573.h文件中的WIRELESS_CH573_UART_RX_PIN宏定义
   24                    RTS             查看SEEKFREE_WIRELESS_CH573.h文件中的WIRELESS_CH573_RTS_PIN宏定义
   25                    ------------------------------------ 
   26          *********************************************************************************************************
             -***********/
   27          
   28          #include "SEEKFREE_WIRELESS_CH573.h"
   29          #include "zf_uart.h"
   30          #include "zf_fifo.h"
   31          
   32          
   33          static  fifo_struct     xdata wireless_ch573_fifo;
   34          static  uint8           xdata wireless_ch573_buffer[WIRELESS_CH573_BUFFER_SIZE];  // 数据存放数组
   35          
   36          static          uint8   xdata wireless_ch573_data;
   37          
   38          
   39          //-------------------------------------------------------------------------------------------------------
             -------------
   40          //  @brief      573转串口模块回调函数
   41          //  @param      NULL
   42          //  @return     void          
   43          //  @since      v1.0
   44          //  Sample usage: 
   45          //  @note       
   46          //-------------------------------------------------------------------------------------------------------
             -------------
   47          void wireless_ch573_callback(uint8 dat)
   48          {
   49   1          // 接到一个字节后单片机将会进入串口中断，通过在此处读取dat可以取走数据
   50   1          fifo_write_buffer(&wireless_ch573_fifo, &dat, 1);       // 存入 FIFO
   51   1      }
   52          
C251 COMPILER V5.60.0,  SEEKFREE_WIRELESS_CH573                                            23/03/25  14:17:39  PAGE 2   

   53          
   54          
   55          
   56          //-------------------------------------------------------------------------------------------------------
             -------------
   57          //  @brief      573转串口模块 发送函数
   58          //  @param      buff        需要发送的数据地址
   59          //  @param      len         发送长度
   60          //  @return     uint32      剩余未发送的字节数   
   61          //  @since      v1.0
   62          //  Sample usage: 
   63          //  @note       
   64          //-------------------------------------------------------------------------------------------------------
             -------------
   65          uint32 wireless_ch573_send_buff(uint8 *buff, uint16 len)
   66          {
   67   1          while(len>30)
   68   1          {
   69   2              if(WIRELESS_CH573_RTS_PIN == 1)  
   70   2              {
   71   3                  return len;//模块忙,如果允许当前程序使用while等待 则可以使用后面注释的while等待语句替换本if语
             -句
   72   3              }
   73   2              //while(RTS_PIN);  //如果RTS为低电平，则继续发送数据
   74   2              uart_putbuff(WIRELESS_CH573_UART,buff,30);
   75   2      
   76   2              buff += 30; //地址偏移
   77   2              len -= 30;//数量
   78   2          }
   79   1          
   80   1          if(WIRELESS_CH573_RTS_PIN == 1)  
   81   1          {
   82   2              return len;//模块忙,如果允许当前程序使用while等待 则可以使用后面注释的while等待语句替换本if语句
   83   2          }
   84   1          //while(WIRELESS_CH573_RTS_PIN);  //如果RTS为低电平，则继续发送数据
   85   1          uart_putbuff(WIRELESS_CH573_UART,buff,len);//发送最后的数据
   86   1          
   87   1          return 0;
   88   1      }
   89          
   90          
   91          //-------------------------------------------------------------------------------------------------------
             -------------
   92          //  @brief      无线转串口模块 读取函数
   93          //  @param      buff            存储的数据地址
   94          //  @param      len             长度
   95          //  @return     uint32          实际读取字节数
   96          //  Sample usage:
   97          //-------------------------------------------------------------------------------------------------------
             -------------
   98          uint32 wireless_ch573_read_buff (uint8 *buff, uint32 len)
   99          {
  100   1          uint32 xdata data_len = len;
  101   1          fifo_read_buffer(&wireless_ch573_fifo, buff, &data_len, FIFO_READ_AND_CLEAN);
  102   1          return data_len;
  103   1      }
  104          
  105          
  106          
  107          
  108          
  109          //-------------------------------------------------------------------------------------------------------
             -------------
  110          //  @brief      573转串口模块初始化
  111          //  @param      NULL
  112          //  @return     void          
C251 COMPILER V5.60.0,  SEEKFREE_WIRELESS_CH573                                            23/03/25  14:17:39  PAGE 3   

  113          //  @since      v1.0
  114          //  Sample usage: 
  115          //  @note       
  116          //-------------------------------------------------------------------------------------------------------
             -------------
  117          void wireless_ch573_init(void)
  118          {
  119   1          WIRELESS_CH573_RTS_PIN = 0;
  120   1          wireless_type = WIRELESS_CH573;
  121   1        wireless_module_uart_handler = wireless_ch573_callback;
  122   1          //本函数使用的波特率为115200，为573转串口模块的默认波特率，如需其他波特率请自行配置模块并修改串口的波
             -特率
  123   1          fifo_init(&wireless_ch573_fifo, FIFO_DATA_8BIT, wireless_ch573_buffer, WIRELESS_CH573_BUFFER_SIZE);
  124   1          uart_init(WIRELESS_CH573_UART, WIRELESS_CH573_UART_RX_PIN, WIRELESS_CH573_UART_TX_PIN, WIRELESS_CH573
             -_UART_BAUD, WIRELESS_CH573_TIMER_N); //初始化串口    
  125   1          
  126   1      }


Module Information          Static   Overlayable
------------------------------------------------
  code size            =       303     ------
  ecode size           =    ------     ------
  data size            =    ------     ------
  idata size           =    ------     ------
  pdata size           =    ------     ------
  xdata size           =        92     ------
  xdata-const size     =    ------     ------
  edata size           =        15     ------
  bit size             =    ------     ------
  ebit size            =    ------     ------
  bitaddressable size  =    ------     ------
  ebitaddressable size =    ------     ------
  far data size        =    ------     ------
  huge data size       =    ------     ------
  const size           =    ------     ------
  hconst size          =    ------     ------
End of Module Information.


C251 COMPILATION COMPLETE.  0 WARNING(S),  0 ERROR(S)
