C251 COMPILER V5.60.0,  SEEKFREE_BLE6A20                                                   23/03/25  14:17:38  PAGE 1   


C251 COMPILER V5.60.0, COMPILATION OF MODULE SEEKFREE_BLE6A20
OBJECT MODULE PLACED IN .\Out_File\SEEKFREE_BLE6A20.obj
COMPILER INVOKED BY: D:\Software\Keil5\c251v560\C251\BIN\C251.EXE ..\seekfree_peripheral\SEEKFREE_BLE6A20.c XSMALL INTR2
                    - FLOAT64 WARNINGLEVEL(3) OPTIMIZE(0,SPEED) BROWSE INCDIR(..\CODE;..\USER\inc;..\USER\src;..\seekfree_components;..\seekf
                    -ree_libraries;..\seekfree_peripheral;..\libraries) DEBUG PRINT(.\Out_File\SEEKFREE_BLE6A20.lst) TABS(2) OBJECT(.\Out_Fil
                    -e\SEEKFREE_BLE6A20.obj) 

stmt  level    source

    1          /********************************************************************************************************
             -*************
    2           * COPYRIGHT NOTICE
    3           * Copyright (c) 2018,逐飞科技
    4           * All rights reserved.
    5           * 技术讨论QQ群：一群：179029047(已满)  二群：244861897
    6           *
    7           * 以下所有内容版权均属逐飞科技所有，未经允许不得用于商业用途，
    8           * 欢迎各位使用并传播本程序，修改内容时必须保留逐飞科技的版权声明。
    9           *
   10           * @file          逐飞科技ble6a20蓝牙模块
   11           * @company       成都逐飞科技有限公司
   12           * @author        逐飞科技(QQ3184284598)
   13           * @version       查看doc内version文件 版本说明
   14           * @Software    MDK FOR C251 V5.60
   15           * @Target core   STC32G12K128
   16           * @Taobao      https://seekfree.taobao.com/
   17           * @date          2019-03-27
   18           * @note    
   19                    接线定义：
   20                    ------------------------------------ 
   21                    BLE6A20蓝牙      单片机                        
   22                      RX              查看SEEKFREE_BLE6A20.h文件中的BLE6A20_TX_PIN宏定义
   23                      TX              查看SEEKFREE_BLE6A20.h文件中的BLE6A20_RX_PIN宏定义
   24                      RTS             查看SEEKFREE_BLE6A20.h文件中的BLE6A20_RTS_PIN宏定义
   25                    ------------------------------------ 
   26           ********************************************************************************************************
             -************/
   27          
   28          
   29          #include "SEEKFREE_BLE6A20.h"
   30          #include "zf_uart.h"
   31          #include "zf_fifo.h"
   32          
   33          
   34          static  fifo_struct     xdata ble6a20_fifo;
   35          static  uint8           xdata ble6a20_buffer[BLE6A20_BUFFER_SIZE];  // 数据存放数组
   36          
   37          //-------------------------------------------------------------------------------------------------------
             -------------
   38          //  @brief      ble6a20蓝牙模块回调函数
   39          //  @param      NULL
   40          //  @return     void          
   41          //  @since      v1.0
   42          //  Sample usage: 
   43          //  @note       
   44          //-------------------------------------------------------------------------------------------------------
             -------------
   45          void ble6a20_callback(uint8 dat)
   46          {
   47   1          // 接到一个字节后单片机将会进入串口中断，通过在此处读取dat可以取走数据
   48   1          fifo_write_buffer(&ble6a20_fifo, &dat, 1);       // 存入 FIFO
   49   1      }
   50          
   51          
   52          //-------------------------------------------------------------------------------------------------------
C251 COMPILER V5.60.0,  SEEKFREE_BLE6A20                                                   23/03/25  14:17:38  PAGE 2   

             -------------
   53          //  @brief      ble6a20蓝牙模块发送一个字节
   54          //  @param      dat   需要发送的字节长度
   55          //  @return     uint8 0成功，1失败            
   56          //  @since      v1.0
   57          //  Sample usage: 
   58          //  @note       
   59          //-------------------------------------------------------------------------------------------------------
             -------------
   60          uint8 ble6a20_send_byte(uint8 dat)
   61          {
   62   1        if(BLE6A20_RTS_PIN == 1)  
   63   1        {
   64   2          return 1;//模块忙,如果允许当前程序使用while等待 则可以使用后面注释的while等待语句替换本if语句
   65   2        }
   66   1        
   67   1        uart_putchar(BLE6A20_UART_INDEX, dat);
   68   1        return 0;
   69   1      }
   70          
   71          //-------------------------------------------------------------------------------------------------------
             -------------
   72          //  @brief      ble6a20蓝牙模块 发送函数
   73          //  @param      buff        需要发送的数据地址
   74          //  @param      len         发送长度
   75          //  @return     uint32      剩余未发送的字节数   
   76          //  @since      v1.0
   77          //  Sample usage: 
   78          //  @note       
   79          //-------------------------------------------------------------------------------------------------------
             -------------
   80          uint32 ble6a20_send_buff(uint8 *buff, uint32 len)
   81          {
   82   1          while(len>30)
   83   1          {
   84   2              if(BLE6A20_RTS_PIN == 1)  
   85   2              {
   86   3                  return len;//模块忙,如果允许当前程序使用while等待 则可以使用后面注释的while等待语句替换本if语
             -句
   87   3              }
   88   2              //while(RTS_PIN);  //如果RTS为低电平，则继续发送数据
   89   2              uart_putbuff(BLE6A20_UART_INDEX,buff,30);
   90   2      
   91   2              buff += 30; //地址偏移
   92   2              len -= 30;//数量
   93   2          }
   94   1          
   95   1          if(BLE6A20_RTS_PIN == 1)  
   96   1          {
   97   2              return len;//模块忙,如果允许当前程序使用while等待 则可以使用后面注释的while等待语句替换本if语句
   98   2          }
   99   1          //while(WIRELESS_RTS_PIN);  //如果RTS为低电平，则继续发送数据
  100   1          uart_putbuff(BLE6A20_UART_INDEX,buff,len);//发送最后的数据
  101   1          
  102   1          return 0;
  103   1      }
  104          
  105          
  106          
  107          //-------------------------------------------------------------------------------------------------------
             -------------
  108          //  @brief      ble6a20蓝牙模块 读取函数
  109          //  @param      buff            存储的数据地址
  110          //  @param      len             长度
  111          //  @return     uint32          实际读取字节数
  112          //  Sample usage:
C251 COMPILER V5.60.0,  SEEKFREE_BLE6A20                                                   23/03/25  14:17:38  PAGE 3   

  113          //-------------------------------------------------------------------------------------------------------
             -------------
  114          uint32 ble6a20_read_buff (uint8 *buff, uint32 len)
  115          {
  116   1          uint32 xdata data_len = len;
  117   1          fifo_read_buffer(&ble6a20_fifo, buff, &data_len, FIFO_READ_AND_CLEAN);
  118   1          return data_len;
  119   1      }
  120          
  121          
  122          //-------------------------------------------------------------------------------------------------------
             -------------
  123          //  @brief      ble6a20蓝牙模块初始化
  124          //  @param      NULL
  125          //  @return     void          
  126          //  @since      v1.0
  127          //  Sample usage: 
  128          //  @note       
  129          //-------------------------------------------------------------------------------------------------------
             -------------
  130          void ble6a20_init(void)
  131          {
  132   1          BLE6A20_RTS_PIN = 0;
  133   1          wireless_type = WIRELESS_BLE6A20;
  134   1        wireless_module_uart_handler = ble6a20_callback;
  135   1          //本函数使用的波特率为115200，为ble6a20蓝牙模块的默认波特率，如需其他波特率请自行配置模块并修改串口的
             -波特率
  136   1          fifo_init(&ble6a20_fifo, FIFO_DATA_8BIT, ble6a20_buffer, BLE6A20_BUFFER_SIZE);
  137   1        uart_init(BLE6A20_UART_INDEX, BLE6A20_RX_PIN, BLE6A20_TX_PIN, BLE6A20_BAUD, BLE6A20_TIMER_N); //初始化串
             -口    
  138   1          
  139   1      }


Module Information          Static   Overlayable
------------------------------------------------
  code size            =       325     ------
  ecode size           =    ------     ------
  data size            =    ------     ------
  idata size           =    ------     ------
  pdata size           =    ------     ------
  xdata size           =        91     ------
  xdata-const size     =    ------     ------
  edata size           =        18     ------
  bit size             =    ------     ------
  ebit size            =    ------     ------
  bitaddressable size  =    ------     ------
  ebitaddressable size =    ------     ------
  far data size        =    ------     ------
  huge data size       =    ------     ------
  const size           =    ------     ------
  hconst size          =    ------     ------
End of Module Information.


C251 COMPILATION COMPLETE.  0 WARNING(S),  0 ERROR(S)
