C251 COMPILER V5.60.0,  zf_adc                                                             17/04/25  14:34:22  PAGE 1   


C251 COMPILER V5.60.0, COMPILATION OF MODULE zf_adc
OBJECT MODULE PLACED IN .\Out_File\zf_adc.obj
COMPILER INVOKED BY: D:\keil5\C251\BIN\C251.EXE ..\seekfree_libraries\zf_adc.c XSMALL INTR2 FLOAT64 WARNINGLEVEL(3) OPTI
                    -MIZE(0,SPEED) BROWSE INCDIR(..\CODE;..\USER\inc;..\USER\src;..\seekfree_components;..\seekfree_libraries;..\seekfree_per
                    -ipheral;..\libraries) DEBUG PRINT(.\Out_File\zf_adc.lst) OBJECT(.\Out_File\zf_adc.obj) 

stmt  level    source

    1          /********************************************************************************************************
             -*************
    2           * COPYRIGHT NOTICE
    3           * Copyright (c) 2020,é€é£ç§‘æŠ€
    4           * All rights reserved.
    5           * æŠ€æœ¯è®¨è®ºQQç¾¤ï¼šä¸€ç¾¤ï¼š179029047(å·²æ»¡)  äºŒç¾¤ï¼š244861897(å·²æ»¡)  ä¸‰ç¾¤ï¼š824575535
    6           *
    7           * ä»¥ä¸‹æ‰€æœ‰å†…å®¹ç‰ˆæƒå‡å±é€é£ç§‘æŠ€æ‰€æœ‰ï¼Œæœªç»å…è®¸ä¸å¾—ç”¨äºå•†ä¸šç”¨é€”ï¼Œ
    8           * æ¬¢è¿å„ä½ä½¿ç”¨å¹¶ä¼ æ’­æœ¬ç¨‹åºï¼Œä¿®æ”¹å†…å®¹æ—¶å¿…é¡»ä¿ç•™é€é£ç§‘æŠ€çš„ç‰ˆæƒå£°æ˜ã€‚
    9           *
   10           * @file                adc
   11           * @company                     æˆéƒ½é€é£ç§‘æŠ€æœ‰é™å…¬å¸
   12           * @author              é€é£ç§‘æŠ€(QQ790875685)
   13           * @version             æŸ¥çœ‹docå†…versionæ–‡ä»¶ ç‰ˆæœ¬è¯´æ˜
   14           * @Software            MDK FOR C251 V5.60
   15           * @Target core         STC32G12K128
   16           * @Taobao              https://seekfree.taobao.com/
   17           * @date                2020-4-14
   18           ********************************************************************************************************
             -************/
   19          
   20          
   21          #include "zf_adc.h"
   22          #include "intrins.h"
   23          
   24          
   25          //-------------------------------------------------------------------------------------------------------
             -------------
   26          //  @brief      ADCåˆå§‹åŒ–
   27          //  @param      adcn            é€‰æ‹©ADCé€šé“
   28          //  @param      speed                   ADCæ—¶é’Ÿé¢‘ç‡
   29          //  @return     void
   30          //  Sample usage:               adc_init(ADC_P10,ADC_SYSclk_DIV_2);//åˆå§‹åŒ–P1.0ä¸ºADCåŠŸèƒ½,ADCæ—¶é’Ÿé
             -¢‘ç‡ï¼šSYSclk/2
   31          //-------------------------------------------------------------------------------------------------------
             -------------
   32          void adc_init(ADCN_enum adcn,ADC_SPEED_enum speed)
   33          {
   34   1              ADC_CONTR |= 1<<7;                              //1 ï¼šæ‰“å¼€ ADC ç”µæº
   35   1              
   36   1              ADC_CONTR &= (0xF0);                    //æ¸…é™¤ADC_CHS[3:0] ï¼š ADC æ¨¡æ‹Ÿé€šé“é€‰æ‹©ä½
   37   1              ADC_CONTR |= adcn;
   38   1              
   39   1              if((adcn >> 3) == 1) //P0.0
   40   1              {
   41   2                      //IOå£éœ€è¦è®¾ç½®ä¸ºé«˜é˜»è¾“å…¥
   42   2                      P0M0 &= ~(1 << (adcn & 0x07));
   43   2                      P0M1 |= (1 << (adcn & 0x07));
   44   2              }
   45   1              else if((adcn >> 3) == 0) //P1.0        
   46   1              {
   47   2                      //IOå£éœ€è¦è®¾ç½®ä¸ºé«˜é˜»è¾“å…¥
   48   2                      P1M0 &= ~(1 << (adcn & 0x07));
   49   2                  P1M1 |= (1 << (adcn & 0x07));
   50   2              }
   51   1      
   52   1              ADCCFG |= speed&0x0F;                   //ADCæ—¶é’Ÿé¢‘ç‡SYSclk/2/speed&0x0F;
C251 COMPILER V5.60.0,  zf_adc                                                             17/04/25  14:34:22  PAGE 2   

   53   1              
   54   1              ADCCFG |= 1<<5;                                 //è½¬æ¢ç»“æœå³å¯¹é½ã€‚ ADC_RES ä¿å­˜ç»“æœçš„é«˜ 2 ä½ï¼Œ ADC_RESL ä¿å­˜ç»“æœ
             -çš„ä½ 8 ä½ã€‚
   55   1      }
   56          
   57          
   58          
   59          //-------------------------------------------------------------------------------------------------------
             -------------
   60          //  @brief      ADCè½¬æ¢ä¸€æ¬¡
   61          //  @param      adcn            é€‰æ‹©ADCé€šé“
   62          //  @param      resolution      åˆ†è¾¨ç‡
   63          //  @return     void
   64          //  Sample usage:               adc_convert(ADC_P10, ADC_10BIT);
   65          //-------------------------------------------------------------------------------------------------------
             -------------
   66          uint16 adc_once(ADCN_enum adcn,ADCRES_enum resolution)
   67          {
   68   1              uint16 adc_value;
   69   1              
   70   1              ADC_CONTR &= (0xF0);                    //æ¸…é™¤ADC_CHS[3:0] ï¼š ADC æ¨¡æ‹Ÿé€šé“é€‰æ‹©ä½
   71   1              ADC_CONTR |= adcn;
   72   1              
   73   1              ADC_CONTR |= 0x40;                      // å¯åŠ¨ AD è½¬æ¢
   74   1              while (!(ADC_CONTR & 0x20));    // æŸ¥è¯¢ ADC å®Œæˆæ ‡å¿—
   75   1              ADC_CONTR &= ~0x20;                     // æ¸…å®Œæˆæ ‡å¿—
   76   1              
   77   1              adc_value = ADC_RES;                    //å­˜å‚¨ ADC çš„ 12 ä½ç»“æœçš„é«˜ 4 ä½
   78   1              adc_value <<= 8;
   79   1              adc_value |= ADC_RESL;                  //å­˜å‚¨ ADC çš„ 12 ä½ç»“æœçš„ä½ 8 ä½
   80   1              
   81   1              ADC_RES = 0;
   82   1              ADC_RESL = 0;
   83   1              
   84   1              adc_value >>= resolution;               //å–å¤šå°‘ä½
   85   1              
   86   1      
   87   1              return adc_value;
   88   1      }


Module Information          Static   Overlayable
------------------------------------------------
  code size            =       267     ------
  ecode size           =    ------     ------
  data size            =    ------     ------
  idata size           =    ------     ------
  pdata size           =    ------     ------
  xdata size           =    ------     ------
  xdata-const size     =    ------     ------
  edata size           =        10     ------
  bit size             =    ------     ------
  ebit size            =    ------     ------
  bitaddressable size  =    ------     ------
  ebitaddressable size =    ------     ------
  far data size        =    ------     ------
  huge data size       =    ------     ------
  const size           =    ------     ------
  hconst size          =    ------     ------
End of Module Information.


C251 COMPILATION COMPLETE.  0 WARNING(S),  0 ERROR(S)
