C251 COMPILER V5.60.0,  zf_mdu16                                                           03/05/25  13:44:11  PAGE 1   


C251 COMPILER V5.60.0, COMPILATION OF MODULE zf_mdu16
OBJECT MODULE PLACED IN .\Out_File\zf_mdu16.obj
COMPILER INVOKED BY: D:\keil5\C251\BIN\C251.EXE ..\seekfree_libraries\zf_mdu16.c XSMALL WARNINGLEVEL(3) OPTIMIZE(0,SPEED
                    -) BROWSE INCDIR(..\CODE;..\USER\inc;..\USER\src;..\seekfree_components;..\seekfree_libraries;..\seekfree_peripheral;..\l
                    -ibraries) DEBUG PRINT(.\Out_File\zf_mdu16.lst) OBJECT(.\Out_File\zf_mdu16.obj) 

stmt  level    source

    1          /********************************************************************************************************
             -*************
    2           * COPYRIGHT NOTICE
    3           * Copyright (c) 2020,逐飞科技
    4           * All rights reserved.
    5           * 技术讨论QQ群：一群：179029047(已满)  二群：244861897(已满)  三群：824575535
    6           *
    7           * 以下所有内容版权均属逐飞科技所有，未经允许不得用于商业用途，
    8           * 欢迎各位使用并传播本程序，修改内容时必须保留逐飞科技的版权声明。
    9           *
   10           * @file                mdu16(16位硬件乘除法)
   11           * @company                     成都逐飞科技有限公司
   12           * @author              逐飞科技(QQ790875685)
   13           * @version             查看doc内version文件 版本说明
   14           * @Software            MDK FOR C251 V5.60
   15           * @Target core         STC32G12K128
   16           * @Taobao              https://seekfree.taobao.com/
   17           * @date                2020-06-03
   18           ********************************************************************************************************
             -************/
   19          #include "zf_mdu16.h"
   20          
   21          


Module Information          Static   Overlayable
------------------------------------------------
  code size            =    ------     ------
  ecode size           =    ------     ------
  data size            =    ------     ------
  idata size           =    ------     ------
  pdata size           =    ------     ------
  xdata size           =    ------     ------
  xdata-const size     =    ------     ------
  edata size           =    ------     ------
  bit size             =    ------     ------
  ebit size            =    ------     ------
  bitaddressable size  =    ------     ------
  ebitaddressable size =    ------     ------
  far data size        =    ------     ------
  huge data size       =    ------     ------
  const size           =    ------     ------
  hconst size          =    ------     ------
End of Module Information.


C251 COMPILATION COMPLETE.  0 WARNING(S),  0 ERROR(S)
